[adminlte.io/themes/v3/index.html]
[backblue.gif]
[fade.gif]
[index.html]
[adminlte.io/themes/v3/plugins/fontawesome-free/css/all.min.css]
[code.ionicframework.com/ionicons/2.0.1/css/ionicons.min.css]
[adminlte.io/themes/v3/plugins/tempusdominus-bootstrap-4/css/tempusdominus-bootstrap-4.min.css]
[adminlte.io/themes/v3/plugins/icheck-bootstrap/icheck-bootstrap.min.css]
[adminlte.io/themes/v3/plugins/jqvmap/jqvmap.min.css]
[adminlte.io/themes/v3/plugins/overlayScrollbars/css/OverlayScrollbars.min.css]
[adminlte.io/themes/v3/dist/css/adminlte.min2167.css]
[adminlte.io/themes/v3/plugins/daterangepicker/daterangepicker.css]
[adminlte.io/themes/v3/plugins/summernote/summernote-bs4.min.css]
[adminlte.io/themes/v3/dist/img/AdminLTELogo.png]
[adminlte.io/themes/v3/dist/img/user1-128x128.jpg]
[adminlte.io/themes/v3/index3.html]
[adminlte.io/themes/v3/dist/img/user8-128x128.jpg]
[adminlte.io/themes/v3/dist/img/user3-128x128.jpg]
[adminlte.io/themes/v3/dist/img/user2-160x160.jpg]
[adminlte.io/themes/v3/index2.html]
[adminlte.io/themes/v3/pages/layout/top-nav.html]
[adminlte.io/themes/v3/pages/layout/top-nav-sidebar.html]
[adminlte.io/themes/v3/pages/widgets.html]
[adminlte.io/themes/v3/pages/layout/boxed.html]
[adminlte.io/themes/v3/pages/layout/fixed-sidebar.html]
[adminlte.io/themes/v3/pages/layout/fixed-sidebar-custom.html]
[adminlte.io/themes/v3/pages/layout/fixed-topnav.html]
[adminlte.io/themes/v3/pages/layout/fixed-footer.html]
[adminlte.io/themes/v3/pages/layout/collapsed-sidebar.html]
[adminlte.io/themes/v3/pages/charts/chartjs.html]
[adminlte.io/themes/v3/pages/charts/flot.html]
[adminlte.io/themes/v3/pages/charts/inline.html]
[adminlte.io/themes/v3/pages/charts/uplot.html]
[adminlte.io/themes/v3/pages/UI/general.html]
[adminlte.io/themes/v3/pages/UI/icons.html]
[adminlte.io/themes/v3/pages/UI/buttons.html]
[adminlte.io/themes/v3/pages/UI/sliders.html]
[adminlte.io/themes/v3/pages/UI/modals.html]
[adminlte.io/themes/v3/pages/UI/timeline.html]
[adminlte.io/themes/v3/pages/UI/navbar.html]
[adminlte.io/themes/v3/pages/UI/ribbons.html]
[adminlte.io/themes/v3/pages/forms/general.html]
[adminlte.io/themes/v3/pages/forms/advanced.html]
[adminlte.io/themes/v3/pages/forms/editors.html]
[adminlte.io/themes/v3/pages/forms/validation.html]
[adminlte.io/themes/v3/pages/tables/simple.html]
[adminlte.io/themes/v3/pages/tables/data.html]
[adminlte.io/themes/v3/pages/tables/jsgrid.html]
[adminlte.io/themes/v3/pages/calendar.html]
[adminlte.io/themes/v3/pages/gallery.html]
[adminlte.io/themes/v3/pages/kanban.html]
[adminlte.io/themes/v3/pages/mailbox/mailbox.html]
[adminlte.io/themes/v3/pages/mailbox/compose.html]
[adminlte.io/themes/v3/pages/mailbox/read-mail.html]
[adminlte.io/themes/v3/pages/examples/invoice.html]
[adminlte.io/themes/v3/pages/examples/profile.html]
[adminlte.io/themes/v3/pages/examples/e-commerce.html]
[adminlte.io/themes/v3/pages/examples/projects.html]
[adminlte.io/themes/v3/pages/examples/project-add.html]
[adminlte.io/themes/v3/pages/examples/project-edit.html]
[adminlte.io/themes/v3/pages/examples/project-detail.html]
[adminlte.io/themes/v3/pages/examples/contacts.html]
[adminlte.io/themes/v3/pages/examples/faq.html]
[adminlte.io/themes/v3/pages/examples/contact-us.html]
[adminlte.io/themes/v3/pages/examples/login.html]
[adminlte.io/themes/v3/pages/examples/register.html]
[adminlte.io/themes/v3/pages/examples/forgot-password.html]
[adminlte.io/themes/v3/pages/examples/recover-password.html]
[adminlte.io/themes/v3/pages/examples/login-v2.html]
[adminlte.io/themes/v3/pages/examples/register-v2.html]
[adminlte.io/themes/v3/pages/examples/forgot-password-v2.html]
[adminlte.io/themes/v3/pages/examples/recover-password-v2.html]
[adminlte.io/themes/v3/pages/examples/lockscreen.html]
[adminlte.io/themes/v3/pages/examples/legacy-user-menu.html]
[adminlte.io/themes/v3/pages/examples/language-menu.html]
[adminlte.io/themes/v3/pages/examples/404.html]
[adminlte.io/themes/v3/pages/examples/500.html]
[adminlte.io/themes/v3/pages/examples/pace.html]
[adminlte.io/themes/v3/pages/examples/blank.html]
[adminlte.io/themes/v3/starter.html]
[adminlte.io/themes/v3/pages/search/simple.html]
[adminlte.io/themes/v3/pages/search/enhanced.html]
[adminlte.io/themes/v3/iframe.html]
[adminlte.io/themes/v3/dist/img/user7-128x128.jpg]
[adminlte.io/themes/v3/dist/img/user5-128x128.jpg]
[adminlte.io/themes/v3/dist/img/user6-128x128.jpg]
[adminlte.io/themes/v3/plugins/jquery/jquery.min.js]
[adminlte.io/themes/v3/plugins/jquery-ui/jquery-ui.min.js]
[adminlte.io/themes/v3/plugins/bootstrap/js/bootstrap.bundle.min.js]
[adminlte.io/themes/v3/plugins/sparklines/sparkline.js]
[adminlte.io/themes/v3/plugins/chart.js/Chart.min.js]
[adminlte.io/themes/v3/plugins/jqvmap/jquery.vmap.min.js]
[adminlte.io/themes/v3/plugins/jqvmap/maps/jquery.vmap.usa.js]
[adminlte.io/themes/v3/plugins/jquery-knob/jquery.knob.min.js]
[adminlte.io/themes/v3/plugins/daterangepicker/daterangepicker.js]
[adminlte.io/themes/v3/plugins/moment/moment.min.js]
[adminlte.io/themes/v3/plugins/tempusdominus-bootstrap-4/js/tempusdominus-bootstrap-4.min.js]
[adminlte.io/themes/v3/plugins/overlayScrollbars/js/jquery.overlayScrollbars.min.js]
[adminlte.io/themes/v3/dist/js/adminlte2167.js]
[adminlte.io/themes/v3/plugins/summernote/summernote-bs4.min.js]
[adminlte.io/themes/v3/dist/js/demo.js]
[adminlte.io/themes/v3/dist/js/pages/dashboard.js]
[adminlte.io/themes/v3/index.html]
[fonts.googleapis.com/css24b9.css]
[adminlte.io/themes/v3/dist/img/default-150x150.png]
[adminlte.io/themes/v3/dist/js/pages/dashboard3.js]
[adminlte.io/themes/v3/index3.html]
[adminlte.io/themes/v3/dist/img/user4-128x128.jpg]
[adminlte.io/themes/v3/plugins/jquery-mousewheel/jquery.mousewheel.js]
[adminlte.io/themes/v3/plugins/raphael/raphael.min.js]
[adminlte.io/themes/v3/plugins/jquery-mapael/jquery.mapael.min.js]
[adminlte.io/themes/v3/index2.html]
[adminlte.io/themes/v3/dist/js/pages/dashboard2.js]
[adminlte.io/themes/v3/plugins/jquery-mapael/maps/usa_states.min.js]
[adminlte.io/themes/v3/dist/img/photo1.png]
[adminlte.io/themes/v3/dist/img/photo2.png]
[adminlte.io/themes/v3/dist/img/photo3.jpg]
[adminlte.io/themes/v3/pages/widgets.html]
[adminlte.io/themes/v3/dist/js/adminlte.min2167.js]
[adminlte.io/themes/v3/pages/layout/index3.html]
[adminlte.io/themes/v3/pages/layout/top-nav.html]
[adminlte.io/themes/v3/pages/layout/top-nav-sidebar.html]
[adminlte.io/themes/v3/pages/layout/boxed.html]
[adminlte.io/themes/v3/pages/layout/fixed-sidebar.html]
[adminlte.io/themes/v3/pages/layout/fixed-sidebar-custom.html]
[adminlte.io/themes/v3/pages/layout/fixed-topnav.html]
[adminlte.io/themes/v3/pages/layout/fixed-footer.html]
[adminlte.io/themes/v3/pages/layout/collapsed-sidebar.html]
[adminlte.io/themes/v3/pages/charts/chartjs.html]
[adminlte.io/themes/v3/plugins/flot/plugins/jquery.flot.resize.js]
[adminlte.io/themes/v3/pages/charts/flot.html]
[adminlte.io/themes/v3/pages/charts/inline.html]
[adminlte.io/themes/v3/plugins/flot/plugins/jquery.flot.pie.js]
[adminlte.io/themes/v3/plugins/uplot/uPlot.min.css]
[adminlte.io/themes/v3/pages/charts/uplot.html]
[adminlte.io/themes/v3/plugins/flot/jquery.flot.js]
[adminlte.io/themes/v3/plugins/uplot/uPlot.iife.min.js]
[adminlte.io/themes/v3/pages/UI/general.html]
[adminlte.io/themes/v3/pages/UI/icons.html]
[adminlte.io/themes/v3/pages/UI/buttons.html]
[adminlte.io/themes/v3/plugins/ion-rangeslider/css/ion.rangeSlider.min.css]
[adminlte.io/themes/v3/plugins/bootstrap-slider/css/bootstrap-slider.min.css]
[adminlte.io/themes/v3/pages/UI/sliders.html]
[adminlte.io/themes/v3/plugins/ion-rangeslider/js/ion.rangeSlider.min.js]
[adminlte.io/themes/v3/plugins/sweetalert2-theme-bootstrap-4/bootstrap-4.min.css]
[adminlte.io/themes/v3/plugins/bootstrap-slider/bootstrap-slider.min.js]
[adminlte.io/themes/v3/plugins/toastr/toastr.min.css]
[adminlte.io/themes/v3/plugins/sweetalert2/sweetalert2.min.js]
[adminlte.io/themes/v3/pages/UI/modals.html]
[adminlte.io/themes/v3/plugins/toastr/toastr.min.js]
[adminlte.io/themes/v3/pages/UI/navbar.html]
[adminlte.io/themes/v3/plugins/sweetalert2/sweetalert2.min.css]
[adminlte.io/themes/v3/pages/UI/timeline.html]
[adminlte.io/themes/v3/pages/UI/ribbons.html]
[adminlte.io/themes/v3/pages/forms/general.html]
[adminlte.io/themes/v3/plugins/bs-custom-file-input/bs-custom-file-input.min.js]
[adminlte.io/themes/v3/plugins/bootstrap-colorpicker/css/bootstrap-colorpicker.min.css]
[adminlte.io/themes/v3/plugins/select2/css/select2.min.css]
[adminlte.io/themes/v3/plugins/select2-bootstrap4-theme/select2-bootstrap4.min.css]
[adminlte.io/themes/v3/plugins/bootstrap4-duallistbox/bootstrap-duallistbox.min.css]
[adminlte.io/themes/v3/plugins/bs-stepper/css/bs-stepper.min.css]
[adminlte.io/themes/v3/plugins/dropzone/min/dropzone.min.css]
[adminlte.io/themes/v3/plugins/select2/js/select2.full.min.js]
[adminlte.io/themes/v3/plugins/bootstrap4-duallistbox/jquery.bootstrap-duallistbox.min.js]
[adminlte.io/themes/v3/plugins/bootstrap-colorpicker/js/bootstrap-colorpicker.min.js]
[adminlte.io/themes/v3/plugins/inputmask/jquery.inputmask.min.js]
[adminlte.io/themes/v3/plugins/bs-stepper/js/bs-stepper.min.js]
[adminlte.io/themes/v3/plugins/bootstrap-switch/js/bootstrap-switch.min.js]
[adminlte.io/themes/v3/pages/forms/advanced.html]
[adminlte.io/themes/v3/plugins/codemirror/codemirror.css]
[adminlte.io/themes/v3/plugins/codemirror/theme/monokai.css]
[adminlte.io/themes/v3/plugins/dropzone/min/dropzone.min.js]
[adminlte.io/themes/v3/plugins/simplemde/simplemde.min.css]
[adminlte.io/themes/v3/plugins/codemirror/mode/css/css.js]
[adminlte.io/themes/v3/plugins/codemirror/mode/xml/xml.js]
[adminlte.io/themes/v3/pages/forms/editors.html]
[adminlte.io/themes/v3/plugins/codemirror/mode/htmlmixed/htmlmixed.js]
[adminlte.io/themes/v3/plugins/codemirror/codemirror.js]
[adminlte.io/themes/v3/pages/forms/validation.html]
[adminlte.io/themes/v3/pages/tables/simple.html]
[adminlte.io/themes/v3/plugins/jquery-validation/jquery.validate.min.js]
[adminlte.io/themes/v3/plugins/jquery-validation/additional-methods.min.js]
[adminlte.io/themes/v3/plugins/datatables-bs4/css/dataTables.bootstrap4.min.css]
[adminlte.io/themes/v3/plugins/datatables-responsive/css/responsive.bootstrap4.min.css]
[adminlte.io/themes/v3/plugins/datatables-buttons/css/buttons.bootstrap4.min.css]
[adminlte.io/themes/v3/plugins/datatables-bs4/js/dataTables.bootstrap4.min.js]
[adminlte.io/themes/v3/plugins/datatables-responsive/js/dataTables.responsive.min.js]
[adminlte.io/themes/v3/plugins/datatables-responsive/js/responsive.bootstrap4.min.js]
[adminlte.io/themes/v3/plugins/datatables/jquery.dataTables.min.js]
[adminlte.io/themes/v3/plugins/datatables-buttons/js/dataTables.buttons.min.js]
[adminlte.io/themes/v3/plugins/datatables-buttons/js/buttons.bootstrap4.min.js]
[adminlte.io/themes/v3/plugins/jszip/jszip.min.js]
[adminlte.io/themes/v3/plugins/datatables-buttons/js/buttons.print.min.js]
[adminlte.io/themes/v3/plugins/datatables-buttons/js/buttons.html5.min.js]
[adminlte.io/themes/v3/pages/tables/data.html]
[adminlte.io/themes/v3/plugins/datatables-buttons/js/buttons.colVis.min.js]
[adminlte.io/themes/v3/plugins/jsgrid/jsgrid.min.css]
[adminlte.io/themes/v3/plugins/jsgrid/demos/db.js]
[adminlte.io/themes/v3/plugins/jsgrid/jsgrid-theme.min.css]
[adminlte.io/themes/v3/pages/tables/jsgrid.html]
[adminlte.io/themes/v3/plugins/jsgrid/jsgrid.min.js]
[adminlte.io/themes/v3/plugins/fullcalendar/main.css]
[adminlte.io/themes/v3/pages/calendar.html]
[adminlte.io/themes/v3/plugins/ekko-lightbox/ekko-lightbox.css]
[adminlte.io/themes/v3/plugins/fullcalendar/main.js]
[adminlte.io/themes/v3/plugins/pdfmake/pdfmake.min.js]
[adminlte.io/themes/v3/plugins/pdfmake/vfs_fonts.js]
[via.placeholder.com/1200/FFFFFF67d2.png]
[via.placeholder.com/300/FFFFFF67d2.png]
[via.placeholder.com/1200/000000c1e4.png]
[via.placeholder.com/300/000000c1e4.png]
[via.placeholder.com/1200/FF0000/FFFFFF8e7d.png]
[via.placeholder.com/300/FF0000/FFFFFF8e7d.png]
[via.placeholder.com/1200/FF0000/FFFFFF657e.png]
[via.placeholder.com/300/FF0000/FFFFFF657e.png]
[via.placeholder.com/1200/000000afe0.png]
[via.placeholder.com/300/000000afe0.png]
[via.placeholder.com/1200/FFFFFFc5d6.png]
[via.placeholder.com/300/FFFFFFc5d6.png]
[via.placeholder.com/1200/FFFFFFa763.png]
[via.placeholder.com/300/FFFFFFa763.png]
[via.placeholder.com/1200/000000be9e.png]
[via.placeholder.com/300/000000be9e.png]
[via.placeholder.com/1200/FF0000/FFFFFFa749.png]
[via.placeholder.com/300/FF0000/FFFFFFa749.png]
[via.placeholder.com/1200/FFFFFFbc7d.png]
[via.placeholder.com/300/FFFFFFbc7d.png]
[via.placeholder.com/1200/FFFFFF3bba.png]
[via.placeholder.com/300/FFFFFF3bba.png]
[via.placeholder.com/1200/0000002a13.png]
[via.placeholder.com/300/0000002a13.png]
[adminlte.io/themes/v3/plugins/ekko-lightbox/ekko-lightbox.min.js]
[adminlte.io/themes/v3/pages/gallery.html]
[adminlte.io/themes/v3/pages/kanban.html]
[adminlte.io/themes/v3/pages/mailbox/mailbox.html]
[adminlte.io/themes/v3/pages/mailbox/compose.html]
[adminlte.io/cdn-cgi/scripts/5c5dd728/cloudflare-static/email-decode.min.js]
[adminlte.io/themes/v3/pages/mailbox/read-mail.html]
[adminlte.io/themes/v3/dist/img/credit/visa.png]
[adminlte.io/themes/v3/plugins/filterizr/jquery.filterizr.min.js]
[adminlte.io/themes/v3/dist/img/credit/mastercard.png]
[adminlte.io/themes/v3/dist/img/credit/american-express.png]
[adminlte.io/themes/v3/dist/img/credit/paypal2.png]
[adminlte.io/themes/v3/pages/examples/invoice.html]
[adminlte.io/themes/v3/pages/examples/invoice-print.html]
[adminlte.io/themes/v3/dist/img/photo4.jpg]
[adminlte.io/themes/v3/pages/examples/profile.html]
[adminlte.io/themes/v3/dist/img/prod-1.jpg]
[adminlte.io/themes/v3/dist/img/prod-2.jpg]
[adminlte.io/themes/v3/dist/img/prod-3.jpg]
[adminlte.io/themes/v3/dist/img/prod-4.jpg]
[adminlte.io/themes/v3/dist/img/prod-5.jpg]
[adminlte.io/themes/v3/pages/examples/e-commerce.html]
[adminlte.io/themes/v3/dist/img/avatar.png]
[adminlte.io/themes/v3/dist/img/avatar2.png]
[adminlte.io/themes/v3/dist/img/avatar3.png]
[adminlte.io/themes/v3/dist/img/avatar4.png]
[adminlte.io/themes/v3/dist/img/avatar5.png]
[adminlte.io/themes/v3/pages/examples/projects.html]
[adminlte.io/themes/v3/pages/examples/project-add.html]
[adminlte.io/themes/v3/pages/examples/project-edit.html]
[adminlte.io/themes/v3/pages/examples/project-detail.html]
[adminlte.io/themes/v3/pages/examples/contacts.html]
[adminlte.io/themes/v3/pages/examples/faq.html]
[adminlte.io/themes/v3/pages/examples/contact-us.html]
[adminlte.io/themes/v3/pages/examples/login.html]
[adminlte.io/themes/v3/pages/examples/register.html]
[adminlte.io/themes/v3/pages/examples/forgot-password.html]
[adminlte.io/themes/v3/pages/examples/recover-password.html]
[adminlte.io/themes/v3/pages/examples/login-v2.html]
[adminlte.io/themes/v3/pages/examples/register-v2.html]
[adminlte.io/themes/v3/pages/examples/forgot-password-v2.html]
[adminlte.io/themes/v3/pages/examples/recover-password-v2.html]
[adminlte.io/themes/v3/pages/examples/lockscreen.html]
[adminlte.io/themes/v3/pages/examples/legacy-user-menu.html]
[adminlte.io/themes/v3/plugins/flag-icon-css/css/flag-icon.min.css]
[adminlte.io/themes/v3/pages/examples/language-menu.html]
[adminlte.io/themes/v3/pages/examples/404.html]
[adminlte.io/themes/v3/pages/examples/500.html]
[adminlte.io/themes/v3/plugins/pace-progress/themes/black/pace-theme-flat-top.css]
[adminlte.io/themes/v3/pages/examples/pace.html]
[adminlte.io/themes/v3/pages/examples/blank.html]
[adminlte.io/themes/v3/starter.html]
[adminlte.io/themes/v3/pages/search/simple.html]
[adminlte.io/themes/v3/pages/search/enhanced.html]
[adminlte.io/themes/v3/iframe.html]
[adminlte.io/themes/v3/pages/layout/index3.html]
[adminlte.io/themes/v3/plugins/pace-progress/pace.min.js]
[adminlte.io/themes/v3/pages/examples/invoice-print.html]
[adminlte.io/themes/v3/dist/img/user8-128x128.jpg]
[adminlte.io/themes/v3/plugins/bootstrap/js/bootstrap.bundle.min.js]
[adminlte.io/themes/v3/plugins/jquery/jquery.min.js]
[adminlte.io/themes/v3/plugins/chart.js/Chart.min.js]
[adminlte.io/themes/v3/plugins/jquery-ui/jquery-ui.min.js]
[adminlte.io/themes/v3/plugins/sparklines/sparkline.js]
[adminlte.io/themes/v3/plugins/jqvmap/jquery.vmap.min.js]
[adminlte.io/themes/v3/plugins/jqvmap/maps/jquery.vmap.usa.js]
[adminlte.io/themes/v3/plugins/fontawesome-free/webfonts/fa-brands-400.eot]
[adminlte.io/themes/v3/plugins/fontawesome-free/webfonts/fa-brands-400d41d.eot]
[adminlte.io/themes/v3/plugins/jquery-knob/jquery.knob.min.js]
[adminlte.io/themes/v3/plugins/moment/moment.min.js]
[adminlte.io/themes/v3/plugins/daterangepicker/daterangepicker.js]
[adminlte.io/themes/v3/plugins/fontawesome-free/webfonts/fa-brands-400.woff2]
[adminlte.io/themes/v3/plugins/overlayScrollbars/js/jquery.overlayScrollbars.min.js]
[adminlte.io/themes/v3/plugins/tempusdominus-bootstrap-4/js/tempusdominus-bootstrap-4.min.js]
[adminlte.io/themes/v3/plugins/summernote/summernote-bs4.min.js]
[adminlte.io/themes/v3/dist/js/adminlte2167.js]
[adminlte.io/themes/v3/dist/js/pages/dashboard.js]
[adminlte.io/themes/v3/dist/js/pages/dashboard3.js]
[adminlte.io/themes/v3/plugins/fontawesome-free/webfonts/fa-brands-400.woff]
[adminlte.io/themes/v3/dist/js/demo.js]
[adminlte.io/themes/v3/plugins/fontawesome-free/webfonts/fa-brands-400.ttf]
[adminlte.io/themes/v3/plugins/jquery-mapael/jquery.mapael.min.js]
[adminlte.io/themes/v3/plugins/jquery-mapael/maps/usa_states.min.js]
[adminlte.io/themes/v3/plugins/raphael/raphael.min.js]
[adminlte.io/themes/v3/dist/img/photo2.png]
[adminlte.io/themes/v3/dist/js/pages/dashboard2.js]
[adminlte.io/themes/v3/plugins/fontawesome-free/webfonts/fa-brands-400.svg]
[adminlte.io/themes/v3/dist/img/photo1.png]
[adminlte.io/themes/v3/plugins/fontawesome-free/webfonts/fa-regular-400.eot]
[adminlte.io/themes/v3/dist/img/photo3.jpg]
[adminlte.io/themes/v3/dist/js/adminlte.min2167.js]
[adminlte.io/themes/v3/plugins/flot/jquery.flot.js]
[adminlte.io/themes/v3/plugins/fontawesome-free/webfonts/fa-regular-400d41d.eot]
[adminlte.io/themes/v3/plugins/flot/plugins/jquery.flot.pie.js]
[adminlte.io/themes/v3/plugins/uplot/uPlot.iife.min.js]
[adminlte.io/themes/v3/plugins/ion-rangeslider/js/ion.rangeSlider.min.js]
[adminlte.io/themes/v3/plugins/fontawesome-free/webfonts/fa-regular-400.woff2]
[adminlte.io/themes/v3/plugins/bs-custom-file-input/bs-custom-file-input.min.js]
[adminlte.io/themes/v3/plugins/toastr/toastr.min.js]
[adminlte.io/themes/v3/plugins/bootstrap-slider/bootstrap-slider.min.js]
[adminlte.io/themes/v3/plugins/sweetalert2/sweetalert2.min.js]
[adminlte.io/themes/v3/plugins/fontawesome-free/webfonts/fa-regular-400.woff]
[adminlte.io/themes/v3/plugins/bootstrap4-duallistbox/jquery.bootstrap-duallistbox.min.js]
[adminlte.io/themes/v3/plugins/inputmask/jquery.inputmask.min.js]
[adminlte.io/themes/v3/plugins/select2/js/select2.full.min.js]
[adminlte.io/themes/v3/plugins/fontawesome-free/webfonts/fa-regular-400.ttf]
[adminlte.io/themes/v3/plugins/bootstrap-switch/js/bootstrap-switch.min.js]
[adminlte.io/themes/v3/plugins/bs-stepper/js/bs-stepper.min.js]
[adminlte.io/themes/v3/plugins/bootstrap-colorpicker/js/bootstrap-colorpicker.min.js]
[adminlte.io/themes/v3/plugins/fontawesome-free/webfonts/fa-regular-400.svg]
[adminlte.io/themes/v3/plugins/codemirror/mode/css/css.js]
[adminlte.io/themes/v3/plugins/dropzone/min/dropzone.min.js]
[adminlte.io/themes/v3/plugins/codemirror/codemirror.js]
[adminlte.io/themes/v3/plugins/fontawesome-free/webfonts/fa-solid-900.eot]
[adminlte.io/themes/v3/plugins/codemirror/mode/htmlmixed/htmlmixed.js]
[adminlte.io/themes/v3/plugins/jquery-validation/jquery.validate.min.js]
[adminlte.io/themes/v3/plugins/codemirror/mode/xml/xml.js]
[adminlte.io/themes/v3/plugins/fontawesome-free/webfonts/fa-solid-900d41d.eot]
[adminlte.io/themes/v3/plugins/datatables-bs4/js/dataTables.bootstrap4.min.js]
[adminlte.io/themes/v3/plugins/jquery-validation/additional-methods.min.js]
[adminlte.io/themes/v3/plugins/datatables/jquery.dataTables.min.js]
[adminlte.io/themes/v3/plugins/fontawesome-free/webfonts/fa-solid-900.woff2]
[adminlte.io/themes/v3/plugins/datatables-responsive/js/responsive.bootstrap4.min.js]
[adminlte.io/themes/v3/plugins/datatables-responsive/js/dataTables.responsive.min.js]
[adminlte.io/themes/v3/plugins/datatables-buttons/js/dataTables.buttons.min.js]
[adminlte.io/themes/v3/plugins/fontawesome-free/webfonts/fa-solid-900.woff]
[adminlte.io/themes/v3/plugins/jszip/jszip.min.js]
[adminlte.io/themes/v3/plugins/pdfmake/vfs_fonts.js]
[adminlte.io/themes/v3/plugins/datatables-buttons/js/buttons.print.min.js]
[adminlte.io/themes/v3/plugins/fontawesome-free/webfonts/fa-solid-900.ttf]
[adminlte.io/themes/v3/plugins/fontawesome-free/css/all.min.css]
[adminlte.io/themes/v3/plugins/datatables-buttons/js/buttons.html5.min.js]
[adminlte.io/themes/v3/plugins/datatables-buttons/js/buttons.colVis.min.js]
[adminlte.io/themes/v3/plugins/fontawesome-free/webfonts/fa-solid-900.svg]
[adminlte.io/themes/v3/plugins/jsgrid/demos/db.js]
[adminlte.io/themes/v3/plugins/pdfmake/pdfmake.min.js]
[adminlte.io/themes/v3/plugins/jsgrid/jsgrid.min.js]
[via.placeholder.com/300/FF0000/FFFFFF8e7d.png]
[code.ionicframework.com/ionicons/2.0.1/css/ionicons.min.css]
[via.placeholder.com/1200/FF0000/FFFFFF657e.png]
[via.placeholder.com/300/FF0000/FFFFFF657e.png]
[via.placeholder.com/300/000000be9e.png]
[adminlte.io/themes/v3/plugins/tempusdominus-bootstrap-4/css/tempusdominus-bootstrap-4.min.css]
[via.placeholder.com/1200/000000be9e.png]
[adminlte.io/themes/v3/plugins/icheck-bootstrap/icheck-bootstrap.min.css]
[code.ionicframework.com/ionicons/2.0.1/fonts/ionicons790f.svg]
[adminlte.io/themes/v3/plugins/jqvmap/jqvmap.min.css]
[via.placeholder.com/1200/FF0000/FFFFFFa749.png]
[adminlte.io/themes/v3/dist/css/adminlte.min2167.css]
[via.placeholder.com/1200/FFFFFFbc7d.png]
[adminlte.io/themes/v3/plugins/overlayScrollbars/css/OverlayScrollbars.min.css]
[via.placeholder.com/300/FFFFFFbc7d.png]
[adminlte.io/themes/v3/plugins/daterangepicker/daterangepicker.css]
[via.placeholder.com/300/FFFFFF3bba.png]
[via.placeholder.com/1200/FFFFFF3bba.png]
[adminlte.io/themes/v3/plugins/fullcalendar/main.js]
[adminlte.io/themes/v3/plugins/summernote/font/summernoted41d.eot]
[adminlte.io/themes/v3/plugins/ekko-lightbox/ekko-lightbox.min.js]
[via.placeholder.com/1200/0000002a13.png]
[via.placeholder.com/300/0000002a13.png]
[adminlte.io/themes/v3/plugins/summernote/font/summernote.woff2]
[adminlte.io/cdn-cgi/scripts/5c5dd728/cloudflare-static/email-decode.min.js]
[adminlte.io/themes/v3/plugins/filterizr/jquery.filterizr.min.js]
[adminlte.io/themes/v3/plugins/summernote/font/summernote.woff]
[adminlte.io/themes/v3/dist/img/prod-1.jpg]
[adminlte.io/themes/v3/dist/img/photo4.jpg]
[adminlte.io/themes/v3/dist/img/prod-5.jpg]
[adminlte.io/themes/v3/plugins/pace-progress/pace.min.js]
[adminlte.io/themes/v3/plugins/summernote/summernote-bs4.min.css]
[adminlte.io/themes/v3/plugins/summernote/font/summernote.ttf]
[adminlte.io/themes/v3/plugins/fontawesome-free/webfonts/fa-brands-400.woff]
[adminlte.io/themes/v3/plugins/fontawesome-free/webfonts/fa-brands-400.woff2]
[adminlte.io/cdn-cgi/zaraz/sd0d9.js]
[adminlte.io/themes/v3/plugins/fontawesome-free/webfonts/fa-regular-400.eot]
[adminlte.io/themes/v3/plugins/fontawesome-free/webfonts/fa-regular-400d41d.eot]
[adminlte.io/themes/v3/plugins/fontawesome-free/webfonts/fa-brands-400d41d.eot]
[adminlte.io/themes/v3/plugins/fontawesome-free/webfonts/fa-brands-400.eot]
[adminlte.io/themes/v3/plugins/fontawesome-free/webfonts/fa-regular-400.woff]
[adminlte.io/themes/v3/plugins/fontawesome-free/webfonts/fa-brands-400.ttf]
[adminlte.io/themes/v3/plugins/fontawesome-free/webfonts/fa-solid-900.woff2]
[adminlte.io/themes/v3/plugins/fontawesome-free/webfonts/fa-regular-400.ttf]
[adminlte.io/themes/v3/plugins/fontawesome-free/webfonts/fa-solid-900.woff]
[adminlte.io/themes/v3/plugins/fontawesome-free/webfonts/fa-solid-900.eot]
[adminlte.io/themes/v3/plugins/summernote/font/summernoted41d.eot]
[adminlte.io/themes/v3/plugins/summernote/font/summernote.woff2]
[adminlte.io/themes/v3/plugins/summernote/font/summernote.ttf]
[adminlte.io/themes/v3/plugins/fontawesome-free/webfonts/fa-solid-900d41d.eot]
[adminlte.io/themes/v3/plugins/fontawesome-free/webfonts/fa-solid-900.ttf]
[adminlte.io/themes/v3/pages/layout/index3.html]
[adminlte.io/themes/v3/plugins/uplot/uPlot.min.css]
[adminlte.io/themes/v3/plugins/ion-rangeslider/css/ion.rangeSlider.min.css]
[adminlte.io/themes/v3/plugins/bootstrap-slider/css/bootstrap-slider.min.css]
[adminlte.io/themes/v3/plugins/sweetalert2-theme-bootstrap-4/bootstrap-4.min.css]
[adminlte.io/themes/v3/plugins/toastr/toastr.min.css]
[adminlte.io/themes/v3/plugins/sweetalert2/sweetalert2.min.css]
[adminlte.io/themes/v3/plugins/bootstrap-colorpicker/css/bootstrap-colorpicker.min.css]
[adminlte.io/themes/v3/plugins/select2/css/select2.min.css]
[adminlte.io/themes/v3/plugins/select2-bootstrap4-theme/select2-bootstrap4.min.css]
[adminlte.io/themes/v3/plugins/bootstrap4-duallistbox/bootstrap-duallistbox.min.css]
[adminlte.io/themes/v3/plugins/bs-stepper/css/bs-stepper.min.css]
[adminlte.io/themes/v3/plugins/dropzone/min/dropzone.min.css]
[adminlte.io/themes/v3/plugins/codemirror/codemirror.css]
[adminlte.io/themes/v3/plugins/codemirror/theme/monokai.css]
[adminlte.io/themes/v3/plugins/simplemde/simplemde.min.html]
[adminlte.io/themes/v3/plugins/datatables-bs4/css/dataTables.bootstrap4.min.css]
[adminlte.io/themes/v3/plugins/datatables-responsive/css/responsive.bootstrap4.min.css]
[adminlte.io/themes/v3/plugins/datatables-buttons/css/buttons.bootstrap4.min.css]
[adminlte.io/themes/v3/plugins/jsgrid/jsgrid.min.css]
[adminlte.io/themes/v3/plugins/jsgrid/jsgrid-theme.min.css]
[adminlte.io/themes/v3/plugins/fullcalendar/main.css]
[adminlte.io/themes/v3/plugins/ekko-lightbox/ekko-lightbox.css]
[via.placeholder.com/300/FF0000/FFFFFFa749.png]
[adminlte.io/themes/v3/plugins/flag-icon-css/flags/4x3/ad.svg]
[adminlte.io/themes/v3/plugins/flag-icon-css/flags/1x1/ad.svg]
[adminlte.io/themes/v3/plugins/flag-icon-css/flags/4x3/ae.svg]
[adminlte.io/themes/v3/plugins/flag-icon-css/flags/1x1/ae.svg]
[adminlte.io/themes/v3/plugins/flag-icon-css/flags/4x3/af.svg]
[adminlte.io/themes/v3/plugins/flag-icon-css/flags/1x1/af.svg]
[adminlte.io/themes/v3/plugins/flag-icon-css/flags/4x3/ag.svg]
[adminlte.io/themes/v3/plugins/flag-icon-css/flags/1x1/ag.svg]
[adminlte.io/themes/v3/plugins/flag-icon-css/flags/4x3/ai.svg]
[adminlte.io/themes/v3/plugins/flag-icon-css/flags/1x1/ai.svg]
[adminlte.io/themes/v3/plugins/flag-icon-css/flags/4x3/al.svg]
[adminlte.io/themes/v3/plugins/flag-icon-css/flags/1x1/al.svg]
[adminlte.io/themes/v3/plugins/flag-icon-css/flags/4x3/am.svg]
[adminlte.io/themes/v3/plugins/flag-icon-css/flags/1x1/am.svg]
[adminlte.io/themes/v3/plugins/flag-icon-css/flags/4x3/ao.svg]
[adminlte.io/themes/v3/plugins/flag-icon-css/flags/1x1/ao.svg]
[adminlte.io/themes/v3/plugins/flag-icon-css/flags/4x3/aq.svg]
[adminlte.io/themes/v3/plugins/flag-icon-css/flags/1x1/aq.svg]
[adminlte.io/themes/v3/plugins/flag-icon-css/flags/4x3/ar.svg]
[adminlte.io/themes/v3/plugins/flag-icon-css/flags/1x1/ar.svg]
[adminlte.io/themes/v3/plugins/flag-icon-css/flags/4x3/as.svg]
[adminlte.io/themes/v3/plugins/flag-icon-css/flags/1x1/as.svg]
[adminlte.io/themes/v3/plugins/flag-icon-css/flags/4x3/at.svg]
[adminlte.io/themes/v3/plugins/flag-icon-css/flags/1x1/at.svg]
[adminlte.io/themes/v3/plugins/flag-icon-css/flags/4x3/au.svg]
[adminlte.io/themes/v3/plugins/flag-icon-css/flags/1x1/au.svg]
[adminlte.io/themes/v3/plugins/flag-icon-css/flags/4x3/aw.svg]
[adminlte.io/themes/v3/plugins/flag-icon-css/flags/1x1/aw.svg]
[adminlte.io/themes/v3/plugins/flag-icon-css/flags/4x3/ax.svg]
[adminlte.io/themes/v3/plugins/flag-icon-css/flags/1x1/ax.svg]
[adminlte.io/themes/v3/plugins/flag-icon-css/flags/4x3/az.svg]
[adminlte.io/themes/v3/plugins/flag-icon-css/flags/1x1/az.svg]
[adminlte.io/themes/v3/plugins/flag-icon-css/flags/4x3/ba.svg]
[adminlte.io/themes/v3/plugins/flag-icon-css/flags/1x1/ba.svg]
[adminlte.io/themes/v3/plugins/flag-icon-css/flags/4x3/bb.svg]
[adminlte.io/themes/v3/plugins/flag-icon-css/flags/1x1/bb.svg]
[adminlte.io/themes/v3/plugins/flag-icon-css/flags/4x3/bd.svg]
[adminlte.io/themes/v3/plugins/flag-icon-css/flags/1x1/bd.svg]
[adminlte.io/themes/v3/plugins/flag-icon-css/flags/4x3/be.svg]
[adminlte.io/themes/v3/plugins/flag-icon-css/flags/1x1/be.svg]
[adminlte.io/themes/v3/plugins/flag-icon-css/flags/4x3/bf.svg]
[adminlte.io/themes/v3/plugins/flag-icon-css/flags/1x1/bf.svg]
[adminlte.io/themes/v3/plugins/flag-icon-css/flags/4x3/bg.svg]
[adminlte.io/themes/v3/plugins/flag-icon-css/flags/1x1/bg.svg]
[adminlte.io/themes/v3/plugins/flag-icon-css/flags/4x3/bh.svg]
[adminlte.io/themes/v3/plugins/flag-icon-css/flags/1x1/bh.svg]
[adminlte.io/themes/v3/plugins/flag-icon-css/flags/4x3/bi.svg]
[adminlte.io/themes/v3/plugins/flag-icon-css/flags/1x1/bi.svg]
[adminlte.io/themes/v3/plugins/flag-icon-css/flags/4x3/bj.svg]
[adminlte.io/themes/v3/plugins/flag-icon-css/flags/1x1/bj.svg]
[adminlte.io/themes/v3/plugins/flag-icon-css/flags/4x3/bl.svg]
[adminlte.io/themes/v3/plugins/flag-icon-css/flags/1x1/bl.svg]
[adminlte.io/themes/v3/plugins/flag-icon-css/flags/4x3/bm.svg]
[adminlte.io/themes/v3/plugins/flag-icon-css/flags/1x1/bm.svg]
[adminlte.io/themes/v3/plugins/flag-icon-css/flags/4x3/bn.svg]
[adminlte.io/themes/v3/plugins/flag-icon-css/flags/1x1/bn.svg]
[adminlte.io/themes/v3/plugins/flag-icon-css/flags/4x3/bo.svg]
[adminlte.io/themes/v3/plugins/flag-icon-css/flags/1x1/bo.svg]
[adminlte.io/themes/v3/plugins/flag-icon-css/flags/4x3/bq.svg]
[adminlte.io/themes/v3/plugins/flag-icon-css/flags/1x1/bq.svg]
[adminlte.io/themes/v3/plugins/flag-icon-css/flags/4x3/br.svg]
[adminlte.io/themes/v3/plugins/flag-icon-css/flags/1x1/br.svg]
[adminlte.io/themes/v3/plugins/flag-icon-css/flags/4x3/bs.svg]
[adminlte.io/themes/v3/plugins/flag-icon-css/flags/1x1/bs.svg]
[adminlte.io/themes/v3/plugins/flag-icon-css/flags/4x3/bt.svg]
[adminlte.io/themes/v3/plugins/flag-icon-css/flags/1x1/bt.svg]
[adminlte.io/themes/v3/plugins/flag-icon-css/flags/4x3/bv.svg]
[adminlte.io/themes/v3/plugins/flag-icon-css/flags/1x1/bv.svg]
[adminlte.io/themes/v3/plugins/flag-icon-css/flags/4x3/bw.svg]
[adminlte.io/themes/v3/plugins/flag-icon-css/flags/1x1/bw.svg]
[adminlte.io/themes/v3/plugins/flag-icon-css/flags/4x3/by.svg]
[adminlte.io/themes/v3/plugins/flag-icon-css/flags/1x1/by.svg]
[adminlte.io/themes/v3/plugins/flag-icon-css/flags/4x3/bz.svg]
[adminlte.io/themes/v3/plugins/flag-icon-css/flags/1x1/bz.svg]
[adminlte.io/themes/v3/plugins/flag-icon-css/flags/4x3/ca.svg]
[adminlte.io/themes/v3/plugins/flag-icon-css/flags/1x1/ca.svg]
[adminlte.io/themes/v3/plugins/flag-icon-css/flags/4x3/cc.svg]
[adminlte.io/themes/v3/plugins/flag-icon-css/flags/1x1/cc.svg]
[adminlte.io/themes/v3/plugins/flag-icon-css/flags/4x3/cd.svg]
[adminlte.io/themes/v3/plugins/flag-icon-css/flags/1x1/cd.svg]
[adminlte.io/themes/v3/plugins/flag-icon-css/flags/4x3/cf.svg]
[adminlte.io/themes/v3/plugins/flag-icon-css/flags/1x1/cf.svg]
[adminlte.io/themes/v3/plugins/flag-icon-css/flags/4x3/cg.svg]
[adminlte.io/themes/v3/plugins/flag-icon-css/flags/1x1/cg.svg]
[adminlte.io/themes/v3/plugins/flag-icon-css/flags/4x3/ch.svg]
[adminlte.io/themes/v3/plugins/flag-icon-css/flags/1x1/ch.svg]
[adminlte.io/themes/v3/plugins/flag-icon-css/flags/4x3/ci.svg]
[adminlte.io/themes/v3/plugins/flag-icon-css/flags/1x1/ci.svg]
[adminlte.io/themes/v3/plugins/flag-icon-css/flags/4x3/ck.svg]
[adminlte.io/themes/v3/plugins/flag-icon-css/flags/1x1/ck.svg]
[adminlte.io/themes/v3/plugins/flag-icon-css/flags/4x3/cl.svg]
[adminlte.io/themes/v3/plugins/flag-icon-css/flags/1x1/cl.svg]
[adminlte.io/themes/v3/plugins/flag-icon-css/flags/4x3/cm.svg]
[adminlte.io/themes/v3/plugins/flag-icon-css/flags/1x1/cm.svg]
[adminlte.io/themes/v3/plugins/flag-icon-css/flags/4x3/cn.svg]
[adminlte.io/themes/v3/plugins/flag-icon-css/flags/1x1/cn.svg]
[adminlte.io/themes/v3/plugins/flag-icon-css/flags/4x3/co.svg]
[adminlte.io/themes/v3/plugins/flag-icon-css/flags/1x1/co.svg]
[adminlte.io/themes/v3/plugins/flag-icon-css/flags/4x3/cr.svg]
[adminlte.io/themes/v3/plugins/flag-icon-css/flags/1x1/cr.svg]
[adminlte.io/themes/v3/plugins/flag-icon-css/flags/4x3/cu.svg]
[adminlte.io/themes/v3/plugins/flag-icon-css/flags/1x1/cu.svg]
[adminlte.io/themes/v3/plugins/flag-icon-css/flags/4x3/cv.svg]
[adminlte.io/themes/v3/plugins/flag-icon-css/flags/1x1/cv.svg]
[adminlte.io/themes/v3/plugins/flag-icon-css/flags/4x3/cw.svg]
[adminlte.io/themes/v3/plugins/flag-icon-css/flags/1x1/cw.svg]
[adminlte.io/themes/v3/plugins/flag-icon-css/flags/4x3/cx.svg]
[adminlte.io/themes/v3/plugins/flag-icon-css/flags/1x1/cx.svg]
[adminlte.io/themes/v3/plugins/flag-icon-css/flags/4x3/cy.svg]
[adminlte.io/themes/v3/plugins/flag-icon-css/flags/1x1/cy.svg]
[adminlte.io/themes/v3/plugins/flag-icon-css/flags/4x3/cz.svg]
[adminlte.io/themes/v3/plugins/flag-icon-css/flags/1x1/cz.svg]
[adminlte.io/themes/v3/plugins/flag-icon-css/flags/4x3/de.svg]
[adminlte.io/themes/v3/plugins/flag-icon-css/flags/1x1/de.svg]
[adminlte.io/themes/v3/plugins/flag-icon-css/flags/4x3/dj.svg]
[adminlte.io/themes/v3/plugins/flag-icon-css/flags/1x1/dj.svg]
[adminlte.io/themes/v3/plugins/flag-icon-css/flags/4x3/dk.svg]
[adminlte.io/themes/v3/plugins/flag-icon-css/flags/1x1/dk.svg]
[adminlte.io/themes/v3/plugins/flag-icon-css/flags/4x3/dm.svg]
[adminlte.io/themes/v3/plugins/flag-icon-css/flags/1x1/dm.svg]
[adminlte.io/themes/v3/plugins/flag-icon-css/flags/4x3/do.svg]
[adminlte.io/themes/v3/plugins/flag-icon-css/flags/1x1/do.svg]
[adminlte.io/themes/v3/plugins/flag-icon-css/flags/4x3/dz.svg]
[adminlte.io/themes/v3/plugins/flag-icon-css/flags/1x1/dz.svg]
[adminlte.io/themes/v3/plugins/flag-icon-css/flags/4x3/ec.svg]
[adminlte.io/themes/v3/plugins/flag-icon-css/flags/1x1/ec.svg]
[adminlte.io/themes/v3/plugins/flag-icon-css/flags/4x3/ee.svg]
[adminlte.io/themes/v3/plugins/flag-icon-css/flags/1x1/ee.svg]
[adminlte.io/themes/v3/plugins/flag-icon-css/flags/4x3/eg.svg]
[adminlte.io/themes/v3/plugins/flag-icon-css/flags/1x1/eg.svg]
[adminlte.io/themes/v3/plugins/flag-icon-css/flags/4x3/eh.svg]
[adminlte.io/themes/v3/plugins/flag-icon-css/flags/1x1/eh.svg]
[adminlte.io/themes/v3/plugins/flag-icon-css/flags/4x3/er.svg]
[adminlte.io/themes/v3/plugins/flag-icon-css/flags/1x1/er.svg]
[adminlte.io/themes/v3/plugins/flag-icon-css/flags/4x3/es.svg]
[adminlte.io/themes/v3/plugins/flag-icon-css/flags/1x1/es.svg]
[adminlte.io/themes/v3/plugins/flag-icon-css/flags/4x3/et.svg]
[adminlte.io/themes/v3/plugins/flag-icon-css/flags/1x1/et.svg]
[adminlte.io/themes/v3/plugins/flag-icon-css/flags/4x3/fi.svg]
[adminlte.io/themes/v3/plugins/flag-icon-css/flags/1x1/fi.svg]
[adminlte.io/themes/v3/plugins/flag-icon-css/flags/4x3/fj.svg]
[adminlte.io/themes/v3/plugins/flag-icon-css/flags/1x1/fj.svg]
[adminlte.io/themes/v3/plugins/flag-icon-css/flags/4x3/fk.svg]
[adminlte.io/themes/v3/plugins/flag-icon-css/flags/1x1/fk.svg]
[adminlte.io/themes/v3/plugins/flag-icon-css/flags/4x3/fm.svg]
[adminlte.io/themes/v3/plugins/flag-icon-css/flags/1x1/fm.svg]
[adminlte.io/themes/v3/plugins/flag-icon-css/flags/4x3/fo.svg]
[adminlte.io/themes/v3/plugins/flag-icon-css/flags/1x1/fo.svg]
[adminlte.io/themes/v3/plugins/flag-icon-css/flags/4x3/fr.svg]
[adminlte.io/themes/v3/plugins/flag-icon-css/flags/1x1/fr.svg]
[adminlte.io/themes/v3/plugins/flag-icon-css/flags/4x3/ga.svg]
[adminlte.io/themes/v3/plugins/flag-icon-css/flags/1x1/ga.svg]
[adminlte.io/themes/v3/plugins/flag-icon-css/flags/4x3/gb.svg]
[adminlte.io/themes/v3/plugins/flag-icon-css/flags/1x1/gb.svg]
[adminlte.io/themes/v3/plugins/flag-icon-css/flags/4x3/gd.svg]
[adminlte.io/themes/v3/plugins/flag-icon-css/flags/1x1/gd.svg]
[adminlte.io/themes/v3/plugins/flag-icon-css/flags/4x3/ge.svg]
[adminlte.io/themes/v3/plugins/flag-icon-css/flags/1x1/ge.svg]
[adminlte.io/themes/v3/plugins/flag-icon-css/flags/4x3/gf.svg]
[adminlte.io/themes/v3/plugins/flag-icon-css/flags/1x1/gf.svg]
[adminlte.io/themes/v3/plugins/flag-icon-css/flags/4x3/gg.svg]
[adminlte.io/themes/v3/plugins/flag-icon-css/flags/1x1/gg.svg]
[adminlte.io/themes/v3/plugins/flag-icon-css/flags/4x3/gh.svg]
[adminlte.io/themes/v3/plugins/flag-icon-css/flags/1x1/gh.svg]
[adminlte.io/themes/v3/plugins/flag-icon-css/flags/4x3/gi.svg]
[adminlte.io/themes/v3/plugins/flag-icon-css/flags/1x1/gi.svg]
[adminlte.io/themes/v3/plugins/flag-icon-css/flags/4x3/gl.svg]
[adminlte.io/themes/v3/plugins/flag-icon-css/flags/1x1/gl.svg]
[adminlte.io/themes/v3/plugins/flag-icon-css/flags/4x3/gm.svg]
[adminlte.io/themes/v3/plugins/flag-icon-css/flags/1x1/gm.svg]
[adminlte.io/themes/v3/plugins/flag-icon-css/flags/4x3/gn.svg]
[adminlte.io/themes/v3/plugins/flag-icon-css/flags/1x1/gn.svg]
[adminlte.io/themes/v3/plugins/flag-icon-css/flags/4x3/gp.svg]
[adminlte.io/themes/v3/plugins/flag-icon-css/flags/1x1/gp.svg]
[adminlte.io/themes/v3/plugins/flag-icon-css/flags/4x3/gq.svg]
[adminlte.io/themes/v3/plugins/flag-icon-css/flags/1x1/gq.svg]
[adminlte.io/themes/v3/plugins/flag-icon-css/flags/4x3/gr.svg]
[adminlte.io/themes/v3/plugins/flag-icon-css/flags/1x1/gr.svg]
[adminlte.io/themes/v3/plugins/flag-icon-css/flags/4x3/gs.svg]
[adminlte.io/themes/v3/plugins/flag-icon-css/flags/1x1/gs.svg]
[adminlte.io/themes/v3/plugins/flag-icon-css/flags/4x3/gt.svg]
[adminlte.io/themes/v3/plugins/flag-icon-css/flags/1x1/gt.svg]
[adminlte.io/themes/v3/plugins/flag-icon-css/flags/4x3/gu.svg]
[adminlte.io/themes/v3/plugins/flag-icon-css/flags/1x1/gu.svg]
[adminlte.io/themes/v3/plugins/flag-icon-css/flags/4x3/gw.svg]
[adminlte.io/themes/v3/plugins/flag-icon-css/flags/1x1/gw.svg]
[adminlte.io/themes/v3/plugins/flag-icon-css/flags/4x3/gy.svg]
[adminlte.io/themes/v3/plugins/flag-icon-css/flags/1x1/gy.svg]
[adminlte.io/themes/v3/plugins/flag-icon-css/flags/4x3/hk.svg]
[adminlte.io/themes/v3/plugins/flag-icon-css/flags/1x1/hk.svg]
[adminlte.io/themes/v3/plugins/flag-icon-css/flags/4x3/hm.svg]
[adminlte.io/themes/v3/plugins/flag-icon-css/flags/1x1/hm.svg]
[adminlte.io/themes/v3/plugins/flag-icon-css/flags/4x3/hn.svg]
[adminlte.io/themes/v3/plugins/flag-icon-css/flags/1x1/hn.svg]
[adminlte.io/themes/v3/plugins/flag-icon-css/flags/4x3/hr.svg]
[adminlte.io/themes/v3/plugins/flag-icon-css/flags/1x1/hr.svg]
[adminlte.io/themes/v3/plugins/flag-icon-css/flags/4x3/ht.svg]
[adminlte.io/themes/v3/plugins/flag-icon-css/flags/1x1/ht.svg]
[adminlte.io/themes/v3/plugins/flag-icon-css/flags/4x3/hu.svg]
[adminlte.io/themes/v3/plugins/flag-icon-css/flags/1x1/hu.svg]
[adminlte.io/themes/v3/plugins/flag-icon-css/flags/4x3/id.svg]
[adminlte.io/themes/v3/plugins/flag-icon-css/flags/1x1/id.svg]
[adminlte.io/themes/v3/plugins/flag-icon-css/flags/4x3/ie.svg]
[adminlte.io/themes/v3/plugins/flag-icon-css/flags/1x1/ie.svg]
[adminlte.io/themes/v3/plugins/flag-icon-css/flags/4x3/il.svg]
[adminlte.io/themes/v3/plugins/flag-icon-css/flags/1x1/il.svg]
[adminlte.io/themes/v3/plugins/flag-icon-css/flags/4x3/im.svg]
[adminlte.io/themes/v3/plugins/flag-icon-css/flags/1x1/im.svg]
[adminlte.io/themes/v3/plugins/flag-icon-css/flags/4x3/in.svg]
[adminlte.io/themes/v3/plugins/flag-icon-css/flags/1x1/in.svg]
[adminlte.io/themes/v3/plugins/flag-icon-css/flags/4x3/io.svg]
[adminlte.io/themes/v3/plugins/flag-icon-css/flags/1x1/io.svg]
[adminlte.io/themes/v3/plugins/flag-icon-css/flags/4x3/iq.svg]
[adminlte.io/themes/v3/plugins/flag-icon-css/flags/1x1/iq.svg]
[adminlte.io/themes/v3/plugins/flag-icon-css/flags/4x3/ir.svg]
[adminlte.io/themes/v3/plugins/flag-icon-css/flags/1x1/ir.svg]
[adminlte.io/themes/v3/plugins/flag-icon-css/flags/4x3/is.svg]
[adminlte.io/themes/v3/plugins/flag-icon-css/flags/1x1/is.svg]
[adminlte.io/themes/v3/plugins/flag-icon-css/flags/4x3/it.svg]
[adminlte.io/themes/v3/plugins/flag-icon-css/flags/1x1/it.svg]
[adminlte.io/themes/v3/plugins/flag-icon-css/flags/4x3/je.svg]
[adminlte.io/themes/v3/plugins/flag-icon-css/flags/1x1/je.svg]
[adminlte.io/themes/v3/plugins/flag-icon-css/flags/4x3/jm.svg]
[adminlte.io/themes/v3/plugins/flag-icon-css/flags/1x1/jm.svg]
[adminlte.io/themes/v3/plugins/flag-icon-css/flags/4x3/jo.svg]
[adminlte.io/themes/v3/plugins/flag-icon-css/flags/1x1/jo.svg]
[adminlte.io/themes/v3/plugins/flag-icon-css/flags/4x3/jp.svg]
[adminlte.io/themes/v3/plugins/flag-icon-css/flags/1x1/jp.svg]
[adminlte.io/themes/v3/plugins/flag-icon-css/flags/4x3/ke.svg]
[adminlte.io/themes/v3/plugins/flag-icon-css/flags/1x1/ke.svg]
[adminlte.io/themes/v3/plugins/flag-icon-css/flags/4x3/kg.svg]
[adminlte.io/themes/v3/plugins/flag-icon-css/flags/1x1/kg.svg]
[adminlte.io/themes/v3/plugins/flag-icon-css/flags/4x3/kh.svg]
[adminlte.io/themes/v3/plugins/flag-icon-css/flags/1x1/kh.svg]
[adminlte.io/themes/v3/plugins/flag-icon-css/flags/4x3/ki.svg]
[adminlte.io/themes/v3/plugins/flag-icon-css/flags/1x1/ki.svg]
[adminlte.io/themes/v3/plugins/flag-icon-css/flags/4x3/km.svg]
[adminlte.io/themes/v3/plugins/flag-icon-css/flags/1x1/km.svg]
[adminlte.io/themes/v3/plugins/flag-icon-css/flags/4x3/kn.svg]
[adminlte.io/themes/v3/plugins/flag-icon-css/flags/1x1/kn.svg]
[adminlte.io/themes/v3/plugins/flag-icon-css/flags/4x3/kp.svg]
[adminlte.io/themes/v3/plugins/flag-icon-css/flags/1x1/kp.svg]
[adminlte.io/themes/v3/plugins/flag-icon-css/flags/4x3/kr.svg]
[adminlte.io/themes/v3/plugins/flag-icon-css/flags/1x1/kr.svg]
[adminlte.io/themes/v3/plugins/flag-icon-css/flags/4x3/kw.svg]
[adminlte.io/themes/v3/plugins/flag-icon-css/flags/1x1/kw.svg]
[adminlte.io/themes/v3/plugins/flag-icon-css/flags/4x3/ky.svg]
[adminlte.io/themes/v3/plugins/flag-icon-css/flags/1x1/ky.svg]
[adminlte.io/themes/v3/plugins/flag-icon-css/flags/4x3/kz.svg]
[adminlte.io/themes/v3/plugins/flag-icon-css/flags/1x1/kz.svg]
[adminlte.io/themes/v3/plugins/flag-icon-css/flags/4x3/la.svg]
[adminlte.io/themes/v3/plugins/flag-icon-css/flags/1x1/la.svg]
[adminlte.io/themes/v3/plugins/flag-icon-css/flags/4x3/lb.svg]
[adminlte.io/themes/v3/plugins/flag-icon-css/flags/1x1/lb.svg]
[adminlte.io/themes/v3/plugins/flag-icon-css/flags/4x3/lc.svg]
[adminlte.io/themes/v3/plugins/flag-icon-css/flags/1x1/lc.svg]
[adminlte.io/themes/v3/plugins/flag-icon-css/flags/4x3/li.svg]
[adminlte.io/themes/v3/plugins/flag-icon-css/flags/1x1/li.svg]
[adminlte.io/themes/v3/plugins/flag-icon-css/flags/4x3/lk.svg]
[adminlte.io/themes/v3/plugins/flag-icon-css/flags/1x1/lk.svg]
[adminlte.io/themes/v3/plugins/flag-icon-css/flags/4x3/lr.svg]
[adminlte.io/themes/v3/plugins/flag-icon-css/flags/1x1/lr.svg]
[adminlte.io/themes/v3/plugins/flag-icon-css/flags/4x3/ls.svg]
[adminlte.io/themes/v3/plugins/flag-icon-css/flags/1x1/ls.svg]
[adminlte.io/themes/v3/plugins/flag-icon-css/flags/4x3/lt.svg]
[adminlte.io/themes/v3/plugins/flag-icon-css/flags/1x1/lt.svg]
[adminlte.io/themes/v3/plugins/flag-icon-css/flags/4x3/lu.svg]
[adminlte.io/themes/v3/plugins/flag-icon-css/flags/1x1/lu.svg]
[adminlte.io/themes/v3/plugins/flag-icon-css/flags/4x3/lv.svg]
[adminlte.io/themes/v3/plugins/flag-icon-css/flags/1x1/lv.svg]
[adminlte.io/themes/v3/plugins/flag-icon-css/flags/4x3/ly.svg]
[adminlte.io/themes/v3/plugins/flag-icon-css/flags/1x1/ly.svg]
[adminlte.io/themes/v3/plugins/flag-icon-css/flags/4x3/ma.svg]
[adminlte.io/themes/v3/plugins/flag-icon-css/flags/1x1/ma.svg]
[adminlte.io/themes/v3/plugins/flag-icon-css/flags/4x3/mc.svg]
[adminlte.io/themes/v3/plugins/flag-icon-css/flags/1x1/mc.svg]
[adminlte.io/themes/v3/plugins/flag-icon-css/flags/4x3/md.svg]
[adminlte.io/themes/v3/plugins/flag-icon-css/flags/1x1/md.svg]
[adminlte.io/themes/v3/plugins/flag-icon-css/flags/4x3/me.svg]
[adminlte.io/themes/v3/plugins/flag-icon-css/flags/1x1/me.svg]
[adminlte.io/themes/v3/plugins/flag-icon-css/flags/4x3/mf.svg]
[adminlte.io/themes/v3/plugins/flag-icon-css/flags/1x1/mf.svg]
[adminlte.io/themes/v3/plugins/flag-icon-css/flags/4x3/mg.svg]
[adminlte.io/themes/v3/plugins/flag-icon-css/flags/1x1/mg.svg]
[adminlte.io/themes/v3/plugins/flag-icon-css/flags/4x3/mh.svg]
[adminlte.io/themes/v3/plugins/flag-icon-css/flags/1x1/mh.svg]
[adminlte.io/themes/v3/plugins/flag-icon-css/flags/4x3/mk.svg]
[adminlte.io/themes/v3/plugins/flag-icon-css/flags/1x1/mk.svg]
[adminlte.io/themes/v3/plugins/flag-icon-css/flags/4x3/ml.svg]
[adminlte.io/themes/v3/plugins/flag-icon-css/flags/1x1/ml.svg]
[adminlte.io/themes/v3/plugins/flag-icon-css/flags/4x3/mm.svg]
[adminlte.io/themes/v3/plugins/flag-icon-css/flags/1x1/mm.svg]
[adminlte.io/themes/v3/plugins/flag-icon-css/flags/4x3/mn.svg]
[adminlte.io/themes/v3/plugins/flag-icon-css/flags/1x1/mn.svg]
[adminlte.io/themes/v3/plugins/flag-icon-css/flags/4x3/mo.svg]
[adminlte.io/themes/v3/plugins/flag-icon-css/flags/1x1/mo.svg]
[adminlte.io/themes/v3/plugins/flag-icon-css/flags/4x3/mp.svg]
[adminlte.io/themes/v3/plugins/flag-icon-css/flags/1x1/mp.svg]
[adminlte.io/themes/v3/plugins/flag-icon-css/flags/4x3/mq.svg]
[adminlte.io/themes/v3/plugins/flag-icon-css/flags/1x1/mq.svg]
[adminlte.io/themes/v3/plugins/flag-icon-css/flags/4x3/mr.svg]
[adminlte.io/themes/v3/plugins/flag-icon-css/flags/1x1/mr.svg]
[adminlte.io/themes/v3/plugins/flag-icon-css/flags/4x3/ms.svg]
[adminlte.io/themes/v3/plugins/flag-icon-css/flags/1x1/ms.svg]
[adminlte.io/themes/v3/plugins/flag-icon-css/flags/4x3/mt.svg]
[adminlte.io/themes/v3/plugins/flag-icon-css/flags/1x1/mt.svg]
[adminlte.io/themes/v3/plugins/flag-icon-css/flags/4x3/mu.svg]
[adminlte.io/themes/v3/plugins/flag-icon-css/flags/1x1/mu.svg]
[adminlte.io/themes/v3/plugins/flag-icon-css/flags/4x3/mv.svg]
[adminlte.io/themes/v3/plugins/flag-icon-css/flags/1x1/mv.svg]
[adminlte.io/themes/v3/plugins/flag-icon-css/flags/4x3/mw.svg]
[adminlte.io/themes/v3/plugins/flag-icon-css/flags/1x1/mw.svg]
[adminlte.io/themes/v3/plugins/flag-icon-css/flags/4x3/mx.svg]
[adminlte.io/themes/v3/plugins/flag-icon-css/flags/1x1/mx.svg]
[adminlte.io/themes/v3/plugins/flag-icon-css/flags/4x3/my.svg]
[adminlte.io/themes/v3/plugins/flag-icon-css/flags/1x1/my.svg]
[adminlte.io/themes/v3/plugins/flag-icon-css/flags/4x3/mz.svg]
[adminlte.io/themes/v3/plugins/flag-icon-css/flags/1x1/mz.svg]
[adminlte.io/themes/v3/plugins/flag-icon-css/flags/4x3/na.svg]
[adminlte.io/themes/v3/plugins/flag-icon-css/flags/1x1/na.svg]
[adminlte.io/themes/v3/plugins/flag-icon-css/flags/4x3/nc.svg]
[adminlte.io/themes/v3/plugins/flag-icon-css/flags/1x1/nc.svg]
[adminlte.io/themes/v3/plugins/flag-icon-css/flags/4x3/ne.svg]
[adminlte.io/themes/v3/plugins/flag-icon-css/flags/1x1/ne.svg]
[adminlte.io/themes/v3/plugins/flag-icon-css/flags/4x3/nf.svg]
[adminlte.io/themes/v3/plugins/flag-icon-css/flags/1x1/nf.svg]
[adminlte.io/themes/v3/plugins/flag-icon-css/flags/4x3/ng.svg]
[adminlte.io/themes/v3/plugins/flag-icon-css/flags/1x1/ng.svg]
[adminlte.io/themes/v3/plugins/flag-icon-css/flags/4x3/ni.svg]
[adminlte.io/themes/v3/plugins/flag-icon-css/flags/1x1/ni.svg]
[adminlte.io/themes/v3/plugins/flag-icon-css/flags/4x3/nl.svg]
[adminlte.io/themes/v3/plugins/flag-icon-css/flags/1x1/nl.svg]
[adminlte.io/themes/v3/plugins/flag-icon-css/flags/4x3/no.svg]
[adminlte.io/themes/v3/plugins/flag-icon-css/flags/1x1/no.svg]
[adminlte.io/themes/v3/plugins/flag-icon-css/flags/4x3/np.svg]
[adminlte.io/themes/v3/plugins/flag-icon-css/flags/1x1/np.svg]
[adminlte.io/themes/v3/plugins/flag-icon-css/flags/4x3/nr.svg]
[adminlte.io/themes/v3/plugins/flag-icon-css/flags/1x1/nr.svg]
[adminlte.io/themes/v3/plugins/flag-icon-css/flags/4x3/nu.svg]
[adminlte.io/themes/v3/plugins/flag-icon-css/flags/1x1/nu.svg]
[adminlte.io/themes/v3/plugins/flag-icon-css/flags/4x3/nz.svg]
[adminlte.io/themes/v3/plugins/flag-icon-css/flags/1x1/nz.svg]
[adminlte.io/themes/v3/plugins/flag-icon-css/flags/4x3/om.svg]
[adminlte.io/themes/v3/plugins/flag-icon-css/flags/1x1/om.svg]
[adminlte.io/themes/v3/plugins/flag-icon-css/flags/4x3/pa.svg]
[adminlte.io/themes/v3/plugins/flag-icon-css/flags/1x1/pa.svg]
[adminlte.io/themes/v3/plugins/flag-icon-css/flags/4x3/pe.svg]
[adminlte.io/themes/v3/plugins/flag-icon-css/flags/1x1/pe.svg]
[adminlte.io/themes/v3/plugins/flag-icon-css/flags/4x3/pf.svg]
[adminlte.io/themes/v3/plugins/flag-icon-css/flags/1x1/pf.svg]
[adminlte.io/themes/v3/plugins/flag-icon-css/flags/4x3/pg.svg]
[adminlte.io/themes/v3/plugins/flag-icon-css/flags/1x1/pg.svg]
[adminlte.io/themes/v3/plugins/flag-icon-css/flags/4x3/ph.svg]
[adminlte.io/themes/v3/plugins/flag-icon-css/flags/1x1/ph.svg]
[adminlte.io/themes/v3/plugins/flag-icon-css/flags/4x3/pk.svg]
[adminlte.io/themes/v3/plugins/flag-icon-css/flags/1x1/pk.svg]
[adminlte.io/themes/v3/plugins/flag-icon-css/flags/4x3/pl.svg]
[adminlte.io/themes/v3/plugins/flag-icon-css/flags/1x1/pl.svg]
[adminlte.io/themes/v3/plugins/flag-icon-css/flags/4x3/pm.svg]
[adminlte.io/themes/v3/plugins/flag-icon-css/flags/1x1/pm.svg]
[adminlte.io/themes/v3/plugins/flag-icon-css/flags/4x3/pn.svg]
[adminlte.io/themes/v3/plugins/flag-icon-css/flags/1x1/pn.svg]
[adminlte.io/themes/v3/plugins/flag-icon-css/flags/4x3/pr.svg]
[adminlte.io/themes/v3/plugins/flag-icon-css/flags/1x1/pr.svg]
[adminlte.io/themes/v3/plugins/flag-icon-css/flags/4x3/ps.svg]
[adminlte.io/themes/v3/plugins/flag-icon-css/flags/1x1/ps.svg]
[adminlte.io/themes/v3/plugins/flag-icon-css/flags/4x3/pt.svg]
[adminlte.io/themes/v3/plugins/flag-icon-css/flags/1x1/pt.svg]
[adminlte.io/themes/v3/plugins/flag-icon-css/flags/4x3/pw.svg]
[adminlte.io/themes/v3/plugins/flag-icon-css/flags/1x1/pw.svg]
[adminlte.io/themes/v3/plugins/flag-icon-css/flags/4x3/py.svg]
[adminlte.io/themes/v3/plugins/flag-icon-css/flags/1x1/py.svg]
[adminlte.io/themes/v3/plugins/flag-icon-css/flags/4x3/qa.svg]
[adminlte.io/themes/v3/plugins/flag-icon-css/flags/1x1/qa.svg]
[adminlte.io/themes/v3/plugins/flag-icon-css/flags/4x3/re.svg]
[adminlte.io/themes/v3/plugins/flag-icon-css/flags/1x1/re.svg]
[adminlte.io/themes/v3/plugins/flag-icon-css/flags/4x3/ro.svg]
[adminlte.io/themes/v3/plugins/flag-icon-css/flags/1x1/ro.svg]
[adminlte.io/themes/v3/plugins/flag-icon-css/flags/1x1/rs.svg]
[adminlte.io/themes/v3/plugins/flag-icon-css/flags/4x3/rs.svg]
[adminlte.io/themes/v3/plugins/flag-icon-css/flags/1x1/ru.svg]
[adminlte.io/themes/v3/plugins/flag-icon-css/flags/4x3/rw.svg]
[adminlte.io/themes/v3/plugins/flag-icon-css/flags/1x1/rw.svg]
[adminlte.io/themes/v3/plugins/flag-icon-css/flags/4x3/sa.svg]
[adminlte.io/themes/v3/plugins/flag-icon-css/flags/1x1/sa.svg]
[adminlte.io/themes/v3/plugins/flag-icon-css/flags/4x3/sb.svg]
[adminlte.io/themes/v3/plugins/flag-icon-css/flags/1x1/sb.svg]
[adminlte.io/themes/v3/plugins/flag-icon-css/flags/4x3/sc.svg]
[adminlte.io/themes/v3/plugins/flag-icon-css/flags/1x1/sc.svg]
[adminlte.io/themes/v3/plugins/flag-icon-css/flags/4x3/sd.svg]
[adminlte.io/themes/v3/plugins/flag-icon-css/flags/1x1/sd.svg]
[adminlte.io/themes/v3/plugins/flag-icon-css/flags/4x3/se.svg]
[adminlte.io/themes/v3/plugins/flag-icon-css/flags/1x1/se.svg]
[adminlte.io/themes/v3/plugins/flag-icon-css/flags/4x3/sg.svg]
[adminlte.io/themes/v3/plugins/flag-icon-css/flags/1x1/sg.svg]
[adminlte.io/themes/v3/plugins/flag-icon-css/flags/4x3/sh.svg]
[adminlte.io/themes/v3/plugins/flag-icon-css/flags/1x1/sh.svg]
[adminlte.io/themes/v3/plugins/flag-icon-css/flags/4x3/si.svg]
[adminlte.io/themes/v3/plugins/flag-icon-css/flags/1x1/si.svg]
[adminlte.io/themes/v3/plugins/flag-icon-css/flags/4x3/sj.svg]
[adminlte.io/themes/v3/plugins/flag-icon-css/flags/1x1/sj.svg]
[adminlte.io/themes/v3/plugins/flag-icon-css/flags/4x3/sk.svg]
[adminlte.io/themes/v3/plugins/flag-icon-css/flags/1x1/sk.svg]
[adminlte.io/themes/v3/plugins/flag-icon-css/flags/4x3/sl.svg]
[adminlte.io/themes/v3/plugins/flag-icon-css/flags/1x1/sl.svg]
[adminlte.io/themes/v3/plugins/flag-icon-css/flags/4x3/sm.svg]
[adminlte.io/themes/v3/plugins/flag-icon-css/flags/1x1/sm.svg]
[adminlte.io/themes/v3/plugins/flag-icon-css/flags/4x3/sn.svg]
[adminlte.io/themes/v3/plugins/flag-icon-css/flags/1x1/sn.svg]
[adminlte.io/themes/v3/plugins/flag-icon-css/flags/4x3/so.svg]
[adminlte.io/themes/v3/plugins/flag-icon-css/flags/1x1/so.svg]
[adminlte.io/themes/v3/plugins/flag-icon-css/flags/4x3/sr.svg]
[adminlte.io/themes/v3/plugins/flag-icon-css/flags/1x1/sr.svg]
[adminlte.io/themes/v3/plugins/flag-icon-css/flags/4x3/ss.svg]
[adminlte.io/themes/v3/plugins/flag-icon-css/flags/1x1/ss.svg]
[adminlte.io/themes/v3/plugins/flag-icon-css/flags/4x3/st.svg]
[adminlte.io/themes/v3/plugins/flag-icon-css/flags/1x1/st.svg]
[adminlte.io/themes/v3/plugins/flag-icon-css/flags/4x3/sv.svg]
[adminlte.io/themes/v3/plugins/flag-icon-css/flags/1x1/sv.svg]
[adminlte.io/themes/v3/plugins/flag-icon-css/flags/4x3/sx.svg]
[adminlte.io/themes/v3/plugins/flag-icon-css/flags/1x1/sx.svg]
[adminlte.io/themes/v3/plugins/flag-icon-css/flags/4x3/sy.svg]
[adminlte.io/themes/v3/plugins/flag-icon-css/flags/1x1/sy.svg]
[adminlte.io/themes/v3/plugins/flag-icon-css/flags/4x3/sz.svg]
[adminlte.io/themes/v3/plugins/flag-icon-css/flags/1x1/sz.svg]
[adminlte.io/themes/v3/plugins/flag-icon-css/flags/4x3/tc.svg]
[adminlte.io/themes/v3/plugins/flag-icon-css/flags/1x1/tc.svg]
[adminlte.io/themes/v3/plugins/flag-icon-css/flags/4x3/td.svg]
[adminlte.io/themes/v3/plugins/flag-icon-css/flags/1x1/td.svg]
[adminlte.io/themes/v3/plugins/flag-icon-css/flags/4x3/tf.svg]
[adminlte.io/themes/v3/plugins/flag-icon-css/flags/1x1/tf.svg]
[adminlte.io/themes/v3/plugins/flag-icon-css/flags/4x3/tg.svg]
[adminlte.io/themes/v3/plugins/flag-icon-css/flags/1x1/tg.svg]
[adminlte.io/themes/v3/plugins/flag-icon-css/flags/4x3/th.svg]
[adminlte.io/themes/v3/plugins/flag-icon-css/flags/1x1/th.svg]
[adminlte.io/themes/v3/plugins/flag-icon-css/flags/4x3/tj.svg]
[adminlte.io/themes/v3/plugins/flag-icon-css/flags/1x1/tj.svg]
[adminlte.io/themes/v3/plugins/flag-icon-css/flags/4x3/tk.svg]
[adminlte.io/themes/v3/plugins/flag-icon-css/flags/1x1/tk.svg]
[adminlte.io/themes/v3/plugins/flag-icon-css/flags/4x3/tl.svg]
[adminlte.io/themes/v3/plugins/flag-icon-css/flags/1x1/tl.svg]
[adminlte.io/themes/v3/plugins/flag-icon-css/flags/4x3/tm.svg]
[adminlte.io/themes/v3/plugins/flag-icon-css/flags/1x1/tm.svg]
[adminlte.io/themes/v3/plugins/flag-icon-css/flags/4x3/tn.svg]
[adminlte.io/themes/v3/plugins/flag-icon-css/flags/1x1/tn.svg]
[adminlte.io/themes/v3/plugins/flag-icon-css/flags/4x3/to.svg]
[adminlte.io/themes/v3/plugins/flag-icon-css/flags/1x1/to.svg]
[adminlte.io/themes/v3/plugins/flag-icon-css/flags/4x3/tr.svg]
[adminlte.io/themes/v3/plugins/flag-icon-css/flags/1x1/tr.svg]
[adminlte.io/themes/v3/plugins/flag-icon-css/flags/4x3/tt.svg]
[adminlte.io/themes/v3/plugins/flag-icon-css/flags/1x1/tt.svg]
[adminlte.io/themes/v3/plugins/flag-icon-css/flags/4x3/tv.svg]
[adminlte.io/themes/v3/plugins/flag-icon-css/flags/1x1/tv.svg]
[adminlte.io/themes/v3/plugins/flag-icon-css/flags/4x3/tw.svg]
[adminlte.io/themes/v3/plugins/flag-icon-css/flags/1x1/tw.svg]
[adminlte.io/themes/v3/plugins/flag-icon-css/flags/4x3/tz.svg]
[adminlte.io/themes/v3/plugins/flag-icon-css/flags/1x1/tz.svg]
[adminlte.io/themes/v3/plugins/flag-icon-css/flags/4x3/ua.svg]
[adminlte.io/themes/v3/plugins/flag-icon-css/flags/1x1/ua.svg]
[adminlte.io/themes/v3/plugins/flag-icon-css/flags/4x3/ug.svg]
[adminlte.io/themes/v3/plugins/flag-icon-css/flags/1x1/ug.svg]
[adminlte.io/themes/v3/plugins/flag-icon-css/flags/4x3/um.svg]
[adminlte.io/themes/v3/plugins/flag-icon-css/flags/1x1/um.svg]
[adminlte.io/themes/v3/plugins/flag-icon-css/flags/4x3/us.svg]
[adminlte.io/themes/v3/plugins/flag-icon-css/flags/1x1/us.svg]
[adminlte.io/themes/v3/plugins/flag-icon-css/flags/4x3/uy.svg]
[adminlte.io/themes/v3/plugins/flag-icon-css/flags/1x1/uy.svg]
[adminlte.io/themes/v3/plugins/flag-icon-css/flags/4x3/uz.svg]
[adminlte.io/themes/v3/plugins/flag-icon-css/flags/1x1/uz.svg]
[adminlte.io/themes/v3/plugins/flag-icon-css/flags/4x3/va.svg]
[adminlte.io/themes/v3/plugins/flag-icon-css/flags/1x1/va.svg]
[adminlte.io/themes/v3/plugins/flag-icon-css/flags/4x3/vc.svg]
[adminlte.io/themes/v3/plugins/flag-icon-css/flags/1x1/vc.svg]
[adminlte.io/themes/v3/plugins/flag-icon-css/flags/4x3/ve.svg]
[adminlte.io/themes/v3/plugins/flag-icon-css/flags/1x1/ve.svg]
[adminlte.io/themes/v3/plugins/flag-icon-css/flags/4x3/vg.svg]
[adminlte.io/themes/v3/plugins/flag-icon-css/flags/1x1/vg.svg]
[adminlte.io/themes/v3/plugins/flag-icon-css/flags/4x3/vi.svg]
[adminlte.io/themes/v3/plugins/flag-icon-css/flags/1x1/vi.svg]
[adminlte.io/themes/v3/plugins/flag-icon-css/flags/4x3/vn.svg]
[adminlte.io/themes/v3/plugins/flag-icon-css/flags/1x1/vn.svg]
[adminlte.io/themes/v3/plugins/flag-icon-css/flags/4x3/vu.svg]
[adminlte.io/themes/v3/plugins/flag-icon-css/flags/1x1/vu.svg]
[adminlte.io/themes/v3/plugins/flag-icon-css/flags/4x3/wf.svg]
[adminlte.io/themes/v3/plugins/flag-icon-css/flags/1x1/wf.svg]
[adminlte.io/themes/v3/plugins/flag-icon-css/flags/4x3/ws.svg]
[adminlte.io/themes/v3/plugins/flag-icon-css/flags/1x1/ws.svg]
[adminlte.io/themes/v3/plugins/flag-icon-css/flags/4x3/ye.svg]
[adminlte.io/themes/v3/plugins/flag-icon-css/flags/1x1/ye.svg]
[adminlte.io/themes/v3/plugins/flag-icon-css/flags/4x3/yt.svg]
[adminlte.io/themes/v3/plugins/flag-icon-css/flags/1x1/yt.svg]
[adminlte.io/themes/v3/plugins/flag-icon-css/flags/4x3/za.svg]
[adminlte.io/themes/v3/plugins/flag-icon-css/flags/1x1/za.svg]
[adminlte.io/themes/v3/plugins/flag-icon-css/flags/4x3/zm.svg]
[adminlte.io/themes/v3/plugins/flag-icon-css/flags/1x1/zm.svg]
[adminlte.io/themes/v3/plugins/flag-icon-css/flags/4x3/zw.svg]
[adminlte.io/themes/v3/plugins/flag-icon-css/flags/1x1/zw.svg]
[adminlte.io/themes/v3/plugins/flag-icon-css/flags/4x3/es-ca.svg]
[adminlte.io/themes/v3/plugins/flag-icon-css/flags/1x1/es-ca.svg]
[adminlte.io/themes/v3/plugins/flag-icon-css/flags/4x3/es-ga.svg]
[adminlte.io/themes/v3/plugins/flag-icon-css/flags/1x1/es-ga.svg]
[adminlte.io/themes/v3/plugins/flag-icon-css/flags/4x3/eu.svg]
[adminlte.io/themes/v3/plugins/flag-icon-css/flags/1x1/eu.svg]
[adminlte.io/themes/v3/plugins/flag-icon-css/flags/4x3/gb-eng.svg]
[adminlte.io/themes/v3/plugins/flag-icon-css/flags/1x1/gb-eng.svg]
[adminlte.io/themes/v3/plugins/flag-icon-css/flags/4x3/gb-nir.svg]
[adminlte.io/themes/v3/plugins/flag-icon-css/flags/1x1/gb-nir.svg]
[adminlte.io/themes/v3/plugins/flag-icon-css/flags/4x3/gb-sct.svg]
[adminlte.io/themes/v3/plugins/flag-icon-css/flags/1x1/gb-sct.svg]
[adminlte.io/themes/v3/plugins/flag-icon-css/flags/4x3/gb-wls.svg]
[adminlte.io/themes/v3/plugins/flag-icon-css/flags/1x1/gb-wls.svg]
[adminlte.io/themes/v3/plugins/flag-icon-css/flags/4x3/un.svg]
[adminlte.io/themes/v3/plugins/flag-icon-css/flags/1x1/un.svg]
[adminlte.io/themes/v3/plugins/flag-icon-css/flags/4x3/xk.svg]
[adminlte.io/themes/v3/plugins/flag-icon-css/flags/1x1/xk.svg]
[adminlte.io/themes/v3/plugins/flag-icon-css/css/flag-icon.min.css]
[adminlte.io/themes/v3/plugins/pace-progress/themes/black/pace-theme-flat-top.css]
[adminlte.io/themes/v3/plugins/fontawesome-free/webfonts/fa-brands-400.svg]
[adminlte.io/themes/v3/plugins/fontawesome-free/webfonts/fa-regular-400.svg]
[adminlte.io/themes/v3/plugins/fontawesome-free/webfonts/fa-solid-900.svg]
[code.ionicframework.com/ionicons/2.0.1/fonts/ionicons790f.svg]
[adminlte.io/themes/v3/plugins/flag-icon-css/flags/4x3/ad.svg]
[adminlte.io/themes/v3/plugins/flag-icon-css/flags/1x1/ad.svg]
[adminlte.io/themes/v3/plugins/flag-icon-css/flags/4x3/ae.svg]
[adminlte.io/themes/v3/plugins/flag-icon-css/flags/1x1/ae.svg]
[adminlte.io/themes/v3/plugins/flag-icon-css/flags/4x3/af.svg]
[adminlte.io/themes/v3/plugins/flag-icon-css/flags/1x1/af.svg]
[adminlte.io/themes/v3/plugins/flag-icon-css/flags/4x3/ag.svg]
[adminlte.io/themes/v3/plugins/flag-icon-css/flags/1x1/ag.svg]
[adminlte.io/themes/v3/plugins/flag-icon-css/flags/4x3/ai.svg]
[adminlte.io/themes/v3/plugins/flag-icon-css/flags/1x1/ai.svg]
[adminlte.io/themes/v3/plugins/flag-icon-css/flags/4x3/al.svg]
[adminlte.io/themes/v3/plugins/flag-icon-css/flags/1x1/al.svg]
[adminlte.io/themes/v3/plugins/flag-icon-css/flags/4x3/am.svg]
[adminlte.io/themes/v3/plugins/flag-icon-css/flags/1x1/am.svg]
[adminlte.io/themes/v3/plugins/flag-icon-css/flags/4x3/ao.svg]
[adminlte.io/themes/v3/plugins/flag-icon-css/flags/1x1/ao.svg]
[adminlte.io/themes/v3/plugins/flag-icon-css/flags/4x3/aq.svg]
[adminlte.io/themes/v3/plugins/flag-icon-css/flags/1x1/aq.svg]
[adminlte.io/themes/v3/plugins/flag-icon-css/flags/4x3/ar.svg]
[adminlte.io/themes/v3/plugins/flag-icon-css/flags/1x1/ar.svg]
[adminlte.io/themes/v3/plugins/flag-icon-css/flags/4x3/as.svg]
[adminlte.io/themes/v3/plugins/flag-icon-css/flags/1x1/as.svg]
[adminlte.io/themes/v3/plugins/flag-icon-css/flags/4x3/at.svg]
[adminlte.io/themes/v3/plugins/flag-icon-css/flags/1x1/at.svg]
[adminlte.io/themes/v3/plugins/flag-icon-css/flags/4x3/au.svg]
[adminlte.io/themes/v3/plugins/flag-icon-css/flags/1x1/au.svg]
[adminlte.io/themes/v3/plugins/flag-icon-css/flags/4x3/aw.svg]
[adminlte.io/themes/v3/plugins/flag-icon-css/flags/1x1/aw.svg]
[adminlte.io/themes/v3/plugins/flag-icon-css/flags/4x3/ax.svg]
[adminlte.io/themes/v3/plugins/flag-icon-css/flags/1x1/ax.svg]
[adminlte.io/themes/v3/plugins/flag-icon-css/flags/4x3/az.svg]
[adminlte.io/themes/v3/plugins/flag-icon-css/flags/1x1/az.svg]
[adminlte.io/themes/v3/plugins/flag-icon-css/flags/4x3/ba.svg]
[adminlte.io/themes/v3/plugins/flag-icon-css/flags/1x1/ba.svg]
[adminlte.io/themes/v3/plugins/flag-icon-css/flags/4x3/bb.svg]
[adminlte.io/themes/v3/plugins/flag-icon-css/flags/1x1/bb.svg]
[adminlte.io/themes/v3/plugins/flag-icon-css/flags/4x3/bd.svg]
[adminlte.io/themes/v3/plugins/flag-icon-css/flags/1x1/bd.svg]
[adminlte.io/themes/v3/plugins/flag-icon-css/flags/4x3/be.svg]
[adminlte.io/themes/v3/plugins/flag-icon-css/flags/1x1/be.svg]
[adminlte.io/themes/v3/plugins/flag-icon-css/flags/4x3/bf.svg]
[adminlte.io/themes/v3/plugins/flag-icon-css/flags/1x1/bf.svg]
[adminlte.io/themes/v3/plugins/flag-icon-css/flags/4x3/bg.svg]
[adminlte.io/themes/v3/plugins/flag-icon-css/flags/1x1/bg.svg]
[adminlte.io/themes/v3/plugins/flag-icon-css/flags/4x3/bh.svg]
[adminlte.io/themes/v3/plugins/flag-icon-css/flags/1x1/bh.svg]
[adminlte.io/themes/v3/plugins/flag-icon-css/flags/4x3/bi.svg]
[adminlte.io/themes/v3/plugins/flag-icon-css/flags/1x1/bi.svg]
[adminlte.io/themes/v3/plugins/flag-icon-css/flags/4x3/bj.svg]
[adminlte.io/themes/v3/plugins/flag-icon-css/flags/1x1/bj.svg]
[adminlte.io/themes/v3/plugins/flag-icon-css/flags/4x3/bl.svg]
[adminlte.io/themes/v3/plugins/flag-icon-css/flags/1x1/bl.svg]
[adminlte.io/themes/v3/plugins/flag-icon-css/flags/4x3/bm.svg]
[adminlte.io/themes/v3/plugins/flag-icon-css/flags/1x1/bm.svg]
[adminlte.io/themes/v3/plugins/flag-icon-css/flags/4x3/bn.svg]
[adminlte.io/themes/v3/plugins/flag-icon-css/flags/1x1/bn.svg]
[adminlte.io/themes/v3/plugins/flag-icon-css/flags/4x3/bo.svg]
[adminlte.io/themes/v3/plugins/flag-icon-css/flags/1x1/bo.svg]
[adminlte.io/themes/v3/plugins/flag-icon-css/flags/4x3/bq.svg]
[adminlte.io/themes/v3/plugins/flag-icon-css/flags/1x1/bq.svg]
[adminlte.io/themes/v3/plugins/flag-icon-css/flags/4x3/br.svg]
[adminlte.io/themes/v3/plugins/flag-icon-css/flags/1x1/br.svg]
[adminlte.io/themes/v3/plugins/flag-icon-css/flags/4x3/bs.svg]
[adminlte.io/themes/v3/plugins/flag-icon-css/flags/1x1/bs.svg]
[adminlte.io/themes/v3/plugins/flag-icon-css/flags/4x3/bt.svg]
[adminlte.io/themes/v3/plugins/flag-icon-css/flags/1x1/bt.svg]
[adminlte.io/themes/v3/plugins/flag-icon-css/flags/4x3/bv.svg]
[adminlte.io/themes/v3/plugins/flag-icon-css/flags/1x1/bv.svg]
[adminlte.io/themes/v3/plugins/flag-icon-css/flags/4x3/bw.svg]
[adminlte.io/themes/v3/plugins/flag-icon-css/flags/1x1/bw.svg]
[adminlte.io/themes/v3/plugins/flag-icon-css/flags/4x3/by.svg]
[adminlte.io/themes/v3/plugins/flag-icon-css/flags/1x1/by.svg]
[adminlte.io/themes/v3/plugins/flag-icon-css/flags/4x3/bz.svg]
[adminlte.io/themes/v3/plugins/flag-icon-css/flags/1x1/bz.svg]
[adminlte.io/themes/v3/plugins/flag-icon-css/flags/4x3/ca.svg]
[adminlte.io/themes/v3/plugins/flag-icon-css/flags/1x1/ca.svg]
[adminlte.io/themes/v3/plugins/flag-icon-css/flags/4x3/cc.svg]
[adminlte.io/themes/v3/plugins/flag-icon-css/flags/1x1/cc.svg]
[adminlte.io/themes/v3/plugins/flag-icon-css/flags/4x3/cd.svg]
[adminlte.io/themes/v3/plugins/flag-icon-css/flags/1x1/cd.svg]
[adminlte.io/themes/v3/plugins/flag-icon-css/flags/4x3/cf.svg]
[adminlte.io/themes/v3/plugins/flag-icon-css/flags/1x1/cf.svg]
[adminlte.io/themes/v3/plugins/flag-icon-css/flags/4x3/cg.svg]
[adminlte.io/themes/v3/plugins/flag-icon-css/flags/1x1/cg.svg]
[adminlte.io/themes/v3/plugins/flag-icon-css/flags/4x3/ch.svg]
[adminlte.io/themes/v3/plugins/flag-icon-css/flags/1x1/ch.svg]
[adminlte.io/themes/v3/plugins/flag-icon-css/flags/4x3/ci.svg]
[adminlte.io/themes/v3/plugins/flag-icon-css/flags/1x1/ci.svg]
[adminlte.io/themes/v3/plugins/flag-icon-css/flags/4x3/ck.svg]
[adminlte.io/themes/v3/plugins/flag-icon-css/flags/1x1/ck.svg]
[adminlte.io/themes/v3/plugins/flag-icon-css/flags/4x3/cl.svg]
[adminlte.io/themes/v3/plugins/flag-icon-css/flags/1x1/cl.svg]
[adminlte.io/themes/v3/plugins/flag-icon-css/flags/4x3/cm.svg]
[adminlte.io/themes/v3/plugins/flag-icon-css/flags/1x1/cm.svg]
[adminlte.io/themes/v3/plugins/flag-icon-css/flags/4x3/cn.svg]
[adminlte.io/themes/v3/plugins/flag-icon-css/flags/1x1/cn.svg]
[adminlte.io/themes/v3/plugins/flag-icon-css/flags/4x3/co.svg]
[adminlte.io/themes/v3/plugins/flag-icon-css/flags/1x1/co.svg]
[adminlte.io/themes/v3/plugins/flag-icon-css/flags/4x3/cr.svg]
[adminlte.io/themes/v3/plugins/flag-icon-css/flags/1x1/cr.svg]
[adminlte.io/themes/v3/plugins/flag-icon-css/flags/4x3/cu.svg]
[adminlte.io/themes/v3/plugins/flag-icon-css/flags/1x1/cu.svg]
[adminlte.io/themes/v3/plugins/flag-icon-css/flags/4x3/cv.svg]
[adminlte.io/themes/v3/plugins/flag-icon-css/flags/1x1/cv.svg]
[adminlte.io/themes/v3/plugins/flag-icon-css/flags/4x3/cw.svg]
[adminlte.io/themes/v3/plugins/flag-icon-css/flags/1x1/cw.svg]
[adminlte.io/themes/v3/plugins/flag-icon-css/flags/4x3/cx.svg]
[adminlte.io/themes/v3/plugins/flag-icon-css/flags/1x1/cx.svg]
[adminlte.io/themes/v3/plugins/flag-icon-css/flags/4x3/cy.svg]
[adminlte.io/themes/v3/plugins/flag-icon-css/flags/1x1/cy.svg]
[adminlte.io/themes/v3/plugins/flag-icon-css/flags/4x3/cz.svg]
[adminlte.io/themes/v3/plugins/flag-icon-css/flags/1x1/cz.svg]
[adminlte.io/themes/v3/plugins/flag-icon-css/flags/4x3/de.svg]
[adminlte.io/themes/v3/plugins/flag-icon-css/flags/1x1/de.svg]
[adminlte.io/themes/v3/plugins/flag-icon-css/flags/4x3/dj.svg]
[adminlte.io/themes/v3/plugins/flag-icon-css/flags/1x1/dj.svg]
[adminlte.io/themes/v3/plugins/flag-icon-css/flags/4x3/dk.svg]
[adminlte.io/themes/v3/plugins/flag-icon-css/flags/1x1/dk.svg]
[adminlte.io/themes/v3/plugins/flag-icon-css/flags/4x3/dm.svg]
[adminlte.io/themes/v3/plugins/flag-icon-css/flags/1x1/dm.svg]
[adminlte.io/themes/v3/plugins/flag-icon-css/flags/4x3/do.svg]
[adminlte.io/themes/v3/plugins/flag-icon-css/flags/1x1/do.svg]
[adminlte.io/themes/v3/plugins/flag-icon-css/flags/4x3/dz.svg]
[adminlte.io/themes/v3/plugins/flag-icon-css/flags/1x1/dz.svg]
[adminlte.io/themes/v3/plugins/flag-icon-css/flags/4x3/ec.svg]
[adminlte.io/themes/v3/plugins/flag-icon-css/flags/1x1/ec.svg]
[adminlte.io/themes/v3/plugins/flag-icon-css/flags/4x3/ee.svg]
[adminlte.io/themes/v3/plugins/flag-icon-css/flags/1x1/ee.svg]
[adminlte.io/themes/v3/plugins/flag-icon-css/flags/4x3/eg.svg]
[adminlte.io/themes/v3/plugins/flag-icon-css/flags/1x1/eg.svg]
[adminlte.io/themes/v3/plugins/flag-icon-css/flags/4x3/eh.svg]
[adminlte.io/themes/v3/plugins/flag-icon-css/flags/1x1/eh.svg]
[adminlte.io/themes/v3/plugins/flag-icon-css/flags/4x3/er.svg]
[adminlte.io/themes/v3/plugins/flag-icon-css/flags/1x1/er.svg]
[adminlte.io/themes/v3/plugins/flag-icon-css/flags/4x3/es.svg]
[adminlte.io/themes/v3/plugins/flag-icon-css/flags/1x1/es.svg]
[adminlte.io/themes/v3/plugins/flag-icon-css/flags/4x3/et.svg]
[adminlte.io/themes/v3/plugins/flag-icon-css/flags/1x1/et.svg]
[adminlte.io/themes/v3/plugins/flag-icon-css/flags/4x3/fi.svg]
[adminlte.io/themes/v3/plugins/flag-icon-css/flags/1x1/fi.svg]
[adminlte.io/themes/v3/plugins/flag-icon-css/flags/4x3/fj.svg]
[adminlte.io/themes/v3/plugins/flag-icon-css/flags/1x1/fj.svg]
[adminlte.io/themes/v3/plugins/flag-icon-css/flags/4x3/fk.svg]
[adminlte.io/themes/v3/plugins/flag-icon-css/flags/1x1/fk.svg]
[adminlte.io/themes/v3/plugins/flag-icon-css/flags/4x3/fm.svg]
[adminlte.io/themes/v3/plugins/flag-icon-css/flags/1x1/fm.svg]
[adminlte.io/themes/v3/plugins/flag-icon-css/flags/4x3/fo.svg]
[adminlte.io/themes/v3/plugins/flag-icon-css/flags/1x1/fo.svg]
[adminlte.io/themes/v3/plugins/flag-icon-css/flags/4x3/fr.svg]
[adminlte.io/themes/v3/plugins/flag-icon-css/flags/1x1/fr.svg]
[adminlte.io/themes/v3/plugins/flag-icon-css/flags/4x3/ga.svg]
[adminlte.io/themes/v3/plugins/flag-icon-css/flags/1x1/ga.svg]
[adminlte.io/themes/v3/plugins/flag-icon-css/flags/4x3/gb.svg]
[adminlte.io/themes/v3/plugins/flag-icon-css/flags/1x1/gb.svg]
[adminlte.io/themes/v3/plugins/flag-icon-css/flags/4x3/gd.svg]
[adminlte.io/themes/v3/plugins/flag-icon-css/flags/1x1/gd.svg]
[adminlte.io/themes/v3/plugins/flag-icon-css/flags/4x3/ge.svg]
[adminlte.io/themes/v3/plugins/flag-icon-css/flags/1x1/ge.svg]
[adminlte.io/themes/v3/plugins/flag-icon-css/flags/4x3/gf.svg]
[adminlte.io/themes/v3/plugins/flag-icon-css/flags/1x1/gf.svg]
[adminlte.io/themes/v3/plugins/flag-icon-css/flags/4x3/gg.svg]
[adminlte.io/themes/v3/plugins/flag-icon-css/flags/1x1/gg.svg]
[adminlte.io/themes/v3/plugins/flag-icon-css/flags/4x3/gh.svg]
[adminlte.io/themes/v3/plugins/flag-icon-css/flags/1x1/gh.svg]
[adminlte.io/themes/v3/plugins/flag-icon-css/flags/4x3/gi.svg]
[adminlte.io/themes/v3/plugins/flag-icon-css/flags/1x1/gi.svg]
[adminlte.io/themes/v3/plugins/flag-icon-css/flags/4x3/gl.svg]
[adminlte.io/themes/v3/plugins/flag-icon-css/flags/1x1/gl.svg]
[adminlte.io/themes/v3/plugins/flag-icon-css/flags/4x3/gm.svg]
[adminlte.io/themes/v3/plugins/flag-icon-css/flags/1x1/gm.svg]
[adminlte.io/themes/v3/plugins/flag-icon-css/flags/4x3/gn.svg]
[adminlte.io/themes/v3/plugins/flag-icon-css/flags/1x1/gn.svg]
[adminlte.io/themes/v3/plugins/flag-icon-css/flags/4x3/gp.svg]
[adminlte.io/themes/v3/plugins/flag-icon-css/flags/1x1/gp.svg]
[adminlte.io/themes/v3/plugins/flag-icon-css/flags/4x3/gq.svg]
[adminlte.io/themes/v3/plugins/flag-icon-css/flags/1x1/gq.svg]
[adminlte.io/themes/v3/plugins/flag-icon-css/flags/4x3/gr.svg]
[adminlte.io/themes/v3/plugins/flag-icon-css/flags/1x1/gr.svg]
[adminlte.io/themes/v3/plugins/flag-icon-css/flags/4x3/gs.svg]
[adminlte.io/themes/v3/plugins/flag-icon-css/flags/1x1/gs.svg]
[adminlte.io/themes/v3/plugins/flag-icon-css/flags/4x3/gt.svg]
[adminlte.io/themes/v3/plugins/flag-icon-css/flags/1x1/gt.svg]
[adminlte.io/themes/v3/plugins/flag-icon-css/flags/4x3/gu.svg]
[adminlte.io/themes/v3/plugins/flag-icon-css/flags/1x1/gu.svg]
[adminlte.io/themes/v3/plugins/flag-icon-css/flags/4x3/gw.svg]
[adminlte.io/themes/v3/plugins/flag-icon-css/flags/1x1/gw.svg]
[adminlte.io/themes/v3/plugins/flag-icon-css/flags/4x3/gy.svg]
[adminlte.io/themes/v3/plugins/flag-icon-css/flags/1x1/gy.svg]
[adminlte.io/themes/v3/plugins/flag-icon-css/flags/4x3/hk.svg]
[adminlte.io/themes/v3/plugins/flag-icon-css/flags/1x1/hk.svg]
[adminlte.io/themes/v3/plugins/flag-icon-css/flags/4x3/hm.svg]
[adminlte.io/themes/v3/plugins/flag-icon-css/flags/1x1/hm.svg]
[adminlte.io/themes/v3/plugins/flag-icon-css/flags/4x3/hn.svg]
[adminlte.io/themes/v3/plugins/flag-icon-css/flags/1x1/hn.svg]
[adminlte.io/themes/v3/plugins/flag-icon-css/flags/4x3/hr.svg]
[adminlte.io/themes/v3/plugins/flag-icon-css/flags/1x1/hr.svg]
[adminlte.io/themes/v3/plugins/flag-icon-css/flags/4x3/ht.svg]
[adminlte.io/themes/v3/plugins/flag-icon-css/flags/1x1/ht.svg]
[adminlte.io/themes/v3/plugins/flag-icon-css/flags/4x3/hu.svg]
[adminlte.io/themes/v3/plugins/flag-icon-css/flags/1x1/hu.svg]
[adminlte.io/themes/v3/plugins/flag-icon-css/flags/4x3/id.svg]
[adminlte.io/themes/v3/plugins/flag-icon-css/flags/1x1/id.svg]
[adminlte.io/themes/v3/plugins/flag-icon-css/flags/4x3/ie.svg]
[adminlte.io/themes/v3/plugins/flag-icon-css/flags/1x1/ie.svg]
[adminlte.io/themes/v3/plugins/flag-icon-css/flags/4x3/il.svg]
[adminlte.io/themes/v3/plugins/flag-icon-css/flags/1x1/il.svg]
[adminlte.io/themes/v3/plugins/flag-icon-css/flags/4x3/im.svg]
[adminlte.io/themes/v3/plugins/flag-icon-css/flags/1x1/im.svg]
[adminlte.io/themes/v3/plugins/flag-icon-css/flags/4x3/in.svg]
[adminlte.io/themes/v3/plugins/flag-icon-css/flags/1x1/in.svg]
[adminlte.io/themes/v3/plugins/flag-icon-css/flags/4x3/io.svg]
[adminlte.io/themes/v3/plugins/flag-icon-css/flags/1x1/io.svg]
[adminlte.io/themes/v3/plugins/flag-icon-css/flags/4x3/iq.svg]
[adminlte.io/themes/v3/plugins/flag-icon-css/flags/1x1/iq.svg]
[adminlte.io/themes/v3/plugins/flag-icon-css/flags/4x3/ir.svg]
[adminlte.io/themes/v3/plugins/flag-icon-css/flags/1x1/ir.svg]
[adminlte.io/themes/v3/plugins/flag-icon-css/flags/4x3/is.svg]
[adminlte.io/themes/v3/plugins/flag-icon-css/flags/1x1/is.svg]
[adminlte.io/themes/v3/plugins/flag-icon-css/flags/4x3/it.svg]
[adminlte.io/themes/v3/plugins/flag-icon-css/flags/1x1/it.svg]
[adminlte.io/themes/v3/plugins/flag-icon-css/flags/4x3/je.svg]
[adminlte.io/themes/v3/plugins/flag-icon-css/flags/1x1/je.svg]
[adminlte.io/themes/v3/plugins/flag-icon-css/flags/4x3/jm.svg]
[adminlte.io/themes/v3/plugins/flag-icon-css/flags/1x1/jm.svg]
[adminlte.io/themes/v3/plugins/flag-icon-css/flags/4x3/jo.svg]
[adminlte.io/themes/v3/plugins/flag-icon-css/flags/1x1/jo.svg]
[adminlte.io/themes/v3/plugins/flag-icon-css/flags/4x3/jp.svg]
[adminlte.io/themes/v3/plugins/flag-icon-css/flags/1x1/jp.svg]
[adminlte.io/themes/v3/plugins/flag-icon-css/flags/4x3/ke.svg]
[adminlte.io/themes/v3/plugins/flag-icon-css/flags/1x1/ke.svg]
[adminlte.io/themes/v3/plugins/flag-icon-css/flags/4x3/kg.svg]
[adminlte.io/themes/v3/plugins/flag-icon-css/flags/1x1/kg.svg]
[adminlte.io/themes/v3/plugins/flag-icon-css/flags/4x3/kh.svg]
[adminlte.io/themes/v3/plugins/flag-icon-css/flags/1x1/kh.svg]
[adminlte.io/themes/v3/plugins/flag-icon-css/flags/4x3/ki.svg]
[adminlte.io/themes/v3/plugins/flag-icon-css/flags/1x1/ki.svg]
[adminlte.io/themes/v3/plugins/flag-icon-css/flags/4x3/km.svg]
[adminlte.io/themes/v3/plugins/flag-icon-css/flags/1x1/km.svg]
[adminlte.io/themes/v3/plugins/flag-icon-css/flags/4x3/kn.svg]
[adminlte.io/themes/v3/plugins/flag-icon-css/flags/1x1/kn.svg]
[adminlte.io/themes/v3/plugins/flag-icon-css/flags/4x3/kp.svg]
[adminlte.io/themes/v3/plugins/flag-icon-css/flags/1x1/kp.svg]
[adminlte.io/themes/v3/plugins/flag-icon-css/flags/4x3/kr.svg]
[adminlte.io/themes/v3/plugins/flag-icon-css/flags/1x1/kr.svg]
[adminlte.io/themes/v3/plugins/flag-icon-css/flags/4x3/kw.svg]
[adminlte.io/themes/v3/plugins/flag-icon-css/flags/1x1/kw.svg]
[adminlte.io/themes/v3/plugins/flag-icon-css/flags/4x3/ky.svg]
[adminlte.io/themes/v3/plugins/flag-icon-css/flags/1x1/ky.svg]
[adminlte.io/themes/v3/plugins/flag-icon-css/flags/4x3/kz.svg]
[adminlte.io/themes/v3/plugins/flag-icon-css/flags/1x1/kz.svg]
[adminlte.io/themes/v3/plugins/flag-icon-css/flags/4x3/la.svg]
[adminlte.io/themes/v3/plugins/flag-icon-css/flags/1x1/la.svg]
[adminlte.io/themes/v3/plugins/flag-icon-css/flags/4x3/lb.svg]
[adminlte.io/themes/v3/plugins/flag-icon-css/flags/1x1/lb.svg]
[adminlte.io/themes/v3/plugins/flag-icon-css/flags/4x3/lc.svg]
[adminlte.io/themes/v3/plugins/flag-icon-css/flags/1x1/lc.svg]
[adminlte.io/themes/v3/plugins/flag-icon-css/flags/4x3/li.svg]
[adminlte.io/themes/v3/plugins/flag-icon-css/flags/1x1/li.svg]
[adminlte.io/themes/v3/plugins/flag-icon-css/flags/4x3/lk.svg]
[adminlte.io/themes/v3/plugins/flag-icon-css/flags/1x1/lk.svg]
[adminlte.io/themes/v3/plugins/flag-icon-css/flags/4x3/lr.svg]
[adminlte.io/themes/v3/plugins/flag-icon-css/flags/1x1/lr.svg]
[adminlte.io/themes/v3/plugins/flag-icon-css/flags/4x3/ls.svg]
[adminlte.io/themes/v3/plugins/flag-icon-css/flags/1x1/ls.svg]
[adminlte.io/themes/v3/plugins/flag-icon-css/flags/4x3/lt.svg]
[adminlte.io/themes/v3/plugins/flag-icon-css/flags/1x1/lt.svg]
[adminlte.io/themes/v3/plugins/flag-icon-css/flags/4x3/lu.svg]
[adminlte.io/themes/v3/plugins/flag-icon-css/flags/1x1/lu.svg]
[adminlte.io/themes/v3/plugins/flag-icon-css/flags/4x3/lv.svg]
[adminlte.io/themes/v3/plugins/flag-icon-css/flags/1x1/lv.svg]
[adminlte.io/themes/v3/plugins/flag-icon-css/flags/4x3/ly.svg]
[adminlte.io/themes/v3/plugins/flag-icon-css/flags/1x1/ly.svg]
[adminlte.io/themes/v3/plugins/flag-icon-css/flags/4x3/ma.svg]
[adminlte.io/themes/v3/plugins/flag-icon-css/flags/1x1/ma.svg]
[adminlte.io/themes/v3/plugins/flag-icon-css/flags/4x3/mc.svg]
[adminlte.io/themes/v3/plugins/flag-icon-css/flags/1x1/mc.svg]
[adminlte.io/themes/v3/plugins/flag-icon-css/flags/4x3/md.svg]
[adminlte.io/themes/v3/plugins/flag-icon-css/flags/1x1/md.svg]
[adminlte.io/themes/v3/plugins/flag-icon-css/flags/4x3/me.svg]
[adminlte.io/themes/v3/plugins/flag-icon-css/flags/1x1/me.svg]
[adminlte.io/themes/v3/plugins/flag-icon-css/flags/4x3/mf.svg]
[adminlte.io/themes/v3/plugins/flag-icon-css/flags/1x1/mf.svg]
[adminlte.io/themes/v3/plugins/flag-icon-css/flags/4x3/mg.svg]
[adminlte.io/themes/v3/plugins/flag-icon-css/flags/1x1/mg.svg]
[adminlte.io/themes/v3/plugins/flag-icon-css/flags/4x3/mh.svg]
[adminlte.io/themes/v3/plugins/flag-icon-css/flags/1x1/mh.svg]
[adminlte.io/themes/v3/plugins/flag-icon-css/flags/4x3/mk.svg]
[adminlte.io/themes/v3/plugins/flag-icon-css/flags/1x1/mk.svg]
[adminlte.io/themes/v3/plugins/flag-icon-css/flags/4x3/ml.svg]
[adminlte.io/themes/v3/plugins/flag-icon-css/flags/1x1/ml.svg]
[adminlte.io/themes/v3/plugins/flag-icon-css/flags/4x3/mm.svg]
[adminlte.io/themes/v3/plugins/flag-icon-css/flags/1x1/mm.svg]
[adminlte.io/themes/v3/plugins/flag-icon-css/flags/4x3/mn.svg]
[adminlte.io/themes/v3/plugins/flag-icon-css/flags/1x1/mn.svg]
[adminlte.io/themes/v3/plugins/flag-icon-css/flags/4x3/mo.svg]
[adminlte.io/themes/v3/plugins/flag-icon-css/flags/1x1/mo.svg]
[adminlte.io/themes/v3/plugins/flag-icon-css/flags/4x3/mp.svg]
[adminlte.io/themes/v3/plugins/flag-icon-css/flags/1x1/mp.svg]
[adminlte.io/themes/v3/plugins/flag-icon-css/flags/4x3/mq.svg]
[adminlte.io/themes/v3/plugins/flag-icon-css/flags/1x1/mq.svg]
[adminlte.io/themes/v3/plugins/flag-icon-css/flags/4x3/mr.svg]
[adminlte.io/themes/v3/plugins/flag-icon-css/flags/1x1/mr.svg]
[adminlte.io/themes/v3/plugins/flag-icon-css/flags/4x3/ms.svg]
[adminlte.io/themes/v3/plugins/flag-icon-css/flags/1x1/ms.svg]
[adminlte.io/themes/v3/plugins/flag-icon-css/flags/4x3/mt.svg]
[adminlte.io/themes/v3/plugins/flag-icon-css/flags/1x1/mt.svg]
[adminlte.io/themes/v3/plugins/flag-icon-css/flags/4x3/mu.svg]
[adminlte.io/themes/v3/plugins/flag-icon-css/flags/1x1/mu.svg]
[adminlte.io/themes/v3/plugins/flag-icon-css/flags/4x3/mv.svg]
[adminlte.io/themes/v3/plugins/flag-icon-css/flags/1x1/mv.svg]
[adminlte.io/themes/v3/plugins/flag-icon-css/flags/4x3/mw.svg]
[adminlte.io/themes/v3/plugins/flag-icon-css/flags/1x1/mw.svg]
[adminlte.io/themes/v3/plugins/flag-icon-css/flags/4x3/mx.svg]
[adminlte.io/themes/v3/plugins/flag-icon-css/flags/1x1/mx.svg]
[adminlte.io/themes/v3/plugins/flag-icon-css/flags/4x3/my.svg]
[adminlte.io/themes/v3/plugins/flag-icon-css/flags/1x1/my.svg]
[adminlte.io/themes/v3/plugins/flag-icon-css/flags/4x3/mz.svg]
[adminlte.io/themes/v3/plugins/flag-icon-css/flags/1x1/mz.svg]
[adminlte.io/themes/v3/plugins/flag-icon-css/flags/4x3/na.svg]
[adminlte.io/themes/v3/plugins/flag-icon-css/flags/1x1/na.svg]
[adminlte.io/themes/v3/plugins/flag-icon-css/flags/4x3/nc.svg]
[adminlte.io/themes/v3/plugins/flag-icon-css/flags/1x1/nc.svg]
[adminlte.io/themes/v3/plugins/flag-icon-css/flags/4x3/ne.svg]
[adminlte.io/themes/v3/plugins/flag-icon-css/flags/1x1/ne.svg]
[adminlte.io/themes/v3/plugins/flag-icon-css/flags/4x3/nf.svg]
[adminlte.io/themes/v3/plugins/flag-icon-css/flags/1x1/nf.svg]
[adminlte.io/themes/v3/plugins/flag-icon-css/flags/4x3/ng.svg]
[adminlte.io/themes/v3/plugins/flag-icon-css/flags/1x1/ng.svg]
[adminlte.io/themes/v3/plugins/flag-icon-css/flags/4x3/ni.svg]
[adminlte.io/themes/v3/plugins/flag-icon-css/flags/1x1/ni.svg]
[adminlte.io/themes/v3/plugins/flag-icon-css/flags/4x3/nl.svg]
[adminlte.io/themes/v3/plugins/flag-icon-css/flags/1x1/nl.svg]
[adminlte.io/themes/v3/plugins/flag-icon-css/flags/4x3/no.svg]
[adminlte.io/themes/v3/plugins/flag-icon-css/flags/1x1/no.svg]
[adminlte.io/themes/v3/plugins/flag-icon-css/flags/4x3/np.svg]
[adminlte.io/themes/v3/plugins/flag-icon-css/flags/1x1/np.svg]
[adminlte.io/themes/v3/plugins/flag-icon-css/flags/4x3/nr.svg]
[adminlte.io/themes/v3/plugins/flag-icon-css/flags/1x1/nr.svg]
[adminlte.io/themes/v3/plugins/flag-icon-css/flags/4x3/nu.svg]
[adminlte.io/themes/v3/plugins/flag-icon-css/flags/1x1/nu.svg]
[adminlte.io/themes/v3/plugins/flag-icon-css/flags/4x3/nz.svg]
[adminlte.io/themes/v3/plugins/flag-icon-css/flags/1x1/nz.svg]
[adminlte.io/themes/v3/plugins/flag-icon-css/flags/4x3/om.svg]
[adminlte.io/themes/v3/plugins/flag-icon-css/flags/1x1/om.svg]
[adminlte.io/themes/v3/plugins/flag-icon-css/flags/4x3/pa.svg]
[adminlte.io/themes/v3/plugins/flag-icon-css/flags/1x1/pa.svg]
[adminlte.io/themes/v3/plugins/flag-icon-css/flags/4x3/pe.svg]
[adminlte.io/themes/v3/plugins/flag-icon-css/flags/1x1/pe.svg]
[adminlte.io/themes/v3/plugins/flag-icon-css/flags/4x3/pf.svg]
[adminlte.io/themes/v3/plugins/flag-icon-css/flags/1x1/pf.svg]
[adminlte.io/themes/v3/plugins/flag-icon-css/flags/4x3/pg.svg]
[adminlte.io/themes/v3/plugins/flag-icon-css/flags/1x1/pg.svg]
[adminlte.io/themes/v3/plugins/flag-icon-css/flags/4x3/ph.svg]
[adminlte.io/themes/v3/plugins/flag-icon-css/flags/1x1/ph.svg]
[adminlte.io/themes/v3/plugins/flag-icon-css/flags/4x3/pk.svg]
[adminlte.io/themes/v3/plugins/flag-icon-css/flags/1x1/pk.svg]
[adminlte.io/themes/v3/plugins/flag-icon-css/flags/4x3/pl.svg]
[adminlte.io/themes/v3/plugins/flag-icon-css/flags/1x1/pl.svg]
[adminlte.io/themes/v3/plugins/flag-icon-css/flags/4x3/pm.svg]
[adminlte.io/themes/v3/plugins/flag-icon-css/flags/1x1/pm.svg]
[adminlte.io/themes/v3/plugins/flag-icon-css/flags/4x3/pn.svg]
[adminlte.io/themes/v3/plugins/flag-icon-css/flags/1x1/pn.svg]
[adminlte.io/themes/v3/plugins/flag-icon-css/flags/4x3/pr.svg]
[adminlte.io/themes/v3/plugins/flag-icon-css/flags/1x1/pr.svg]
[adminlte.io/themes/v3/plugins/flag-icon-css/flags/4x3/ps.svg]
[adminlte.io/themes/v3/plugins/flag-icon-css/flags/1x1/ps.svg]
[adminlte.io/themes/v3/plugins/flag-icon-css/flags/4x3/pt.svg]
[adminlte.io/themes/v3/plugins/flag-icon-css/flags/1x1/pt.svg]
[adminlte.io/themes/v3/plugins/flag-icon-css/flags/4x3/pw.svg]
[adminlte.io/themes/v3/plugins/flag-icon-css/flags/1x1/pw.svg]
[adminlte.io/themes/v3/plugins/flag-icon-css/flags/4x3/py.svg]
[adminlte.io/themes/v3/plugins/flag-icon-css/flags/1x1/py.svg]
[adminlte.io/themes/v3/plugins/flag-icon-css/flags/4x3/qa.svg]
[adminlte.io/themes/v3/plugins/flag-icon-css/flags/1x1/qa.svg]
[adminlte.io/themes/v3/plugins/flag-icon-css/flags/4x3/re.svg]
[adminlte.io/themes/v3/plugins/flag-icon-css/flags/1x1/re.svg]
[adminlte.io/themes/v3/plugins/flag-icon-css/flags/4x3/ro.svg]
[adminlte.io/themes/v3/plugins/flag-icon-css/flags/1x1/ro.svg]
[adminlte.io/themes/v3/plugins/flag-icon-css/flags/4x3/rs.svg]
[adminlte.io/themes/v3/plugins/flag-icon-css/flags/1x1/rs.svg]
[adminlte.io/themes/v3/plugins/flag-icon-css/flags/1x1/ru.svg]
[adminlte.io/themes/v3/plugins/flag-icon-css/flags/4x3/rw.svg]
[adminlte.io/themes/v3/plugins/flag-icon-css/flags/1x1/rw.svg]
[adminlte.io/themes/v3/plugins/flag-icon-css/flags/4x3/sa.svg]
[adminlte.io/themes/v3/plugins/flag-icon-css/flags/1x1/sa.svg]
[adminlte.io/themes/v3/plugins/flag-icon-css/flags/4x3/sb.svg]
[adminlte.io/themes/v3/plugins/flag-icon-css/flags/1x1/sb.svg]
[adminlte.io/themes/v3/plugins/flag-icon-css/flags/4x3/sc.svg]
[adminlte.io/themes/v3/plugins/flag-icon-css/flags/1x1/sc.svg]
[adminlte.io/themes/v3/plugins/flag-icon-css/flags/4x3/sd.svg]
[adminlte.io/themes/v3/plugins/flag-icon-css/flags/1x1/sd.svg]
[adminlte.io/themes/v3/plugins/flag-icon-css/flags/4x3/se.svg]
[adminlte.io/themes/v3/plugins/flag-icon-css/flags/1x1/se.svg]
[adminlte.io/themes/v3/plugins/flag-icon-css/flags/4x3/sg.svg]
[adminlte.io/themes/v3/plugins/flag-icon-css/flags/1x1/sg.svg]
[adminlte.io/themes/v3/plugins/flag-icon-css/flags/4x3/sh.svg]
[adminlte.io/themes/v3/plugins/flag-icon-css/flags/1x1/sh.svg]
[adminlte.io/themes/v3/plugins/flag-icon-css/flags/4x3/si.svg]
[adminlte.io/themes/v3/plugins/flag-icon-css/flags/1x1/si.svg]
[adminlte.io/themes/v3/plugins/flag-icon-css/flags/4x3/sj.svg]
[adminlte.io/themes/v3/plugins/flag-icon-css/flags/1x1/sj.svg]
[adminlte.io/themes/v3/plugins/flag-icon-css/flags/4x3/sk.svg]
[adminlte.io/themes/v3/plugins/flag-icon-css/flags/1x1/sk.svg]
[adminlte.io/themes/v3/plugins/flag-icon-css/flags/4x3/sl.svg]
[adminlte.io/themes/v3/plugins/flag-icon-css/flags/1x1/sl.svg]
[adminlte.io/themes/v3/plugins/flag-icon-css/flags/4x3/sm.svg]
[adminlte.io/themes/v3/plugins/flag-icon-css/flags/1x1/sm.svg]
[adminlte.io/themes/v3/plugins/flag-icon-css/flags/4x3/sn.svg]
[adminlte.io/themes/v3/plugins/flag-icon-css/flags/1x1/sn.svg]
[adminlte.io/themes/v3/plugins/flag-icon-css/flags/4x3/so.svg]
[adminlte.io/themes/v3/plugins/flag-icon-css/flags/1x1/so.svg]
[adminlte.io/themes/v3/plugins/flag-icon-css/flags/4x3/sr.svg]
[adminlte.io/themes/v3/plugins/flag-icon-css/flags/1x1/sr.svg]
[adminlte.io/themes/v3/plugins/flag-icon-css/flags/4x3/ss.svg]
[adminlte.io/themes/v3/plugins/flag-icon-css/flags/1x1/ss.svg]
[adminlte.io/themes/v3/plugins/flag-icon-css/flags/4x3/st.svg]
[adminlte.io/themes/v3/plugins/flag-icon-css/flags/1x1/st.svg]
[adminlte.io/themes/v3/plugins/flag-icon-css/flags/4x3/sv.svg]
[adminlte.io/themes/v3/plugins/flag-icon-css/flags/1x1/sv.svg]
[adminlte.io/themes/v3/plugins/flag-icon-css/flags/4x3/sx.svg]
[adminlte.io/themes/v3/plugins/flag-icon-css/flags/1x1/sx.svg]
[adminlte.io/themes/v3/plugins/flag-icon-css/flags/4x3/sy.svg]
[adminlte.io/themes/v3/plugins/flag-icon-css/flags/1x1/sy.svg]
[adminlte.io/themes/v3/plugins/flag-icon-css/flags/4x3/sz.svg]
[adminlte.io/themes/v3/plugins/flag-icon-css/flags/1x1/sz.svg]
[adminlte.io/themes/v3/plugins/flag-icon-css/flags/4x3/tc.svg]
[adminlte.io/themes/v3/plugins/flag-icon-css/flags/1x1/tc.svg]
[adminlte.io/themes/v3/plugins/flag-icon-css/flags/4x3/td.svg]
[adminlte.io/themes/v3/plugins/flag-icon-css/flags/1x1/td.svg]
[adminlte.io/themes/v3/plugins/flag-icon-css/flags/4x3/tf.svg]
[adminlte.io/themes/v3/plugins/flag-icon-css/flags/1x1/tf.svg]
[adminlte.io/themes/v3/plugins/flag-icon-css/flags/4x3/tg.svg]
[adminlte.io/themes/v3/plugins/flag-icon-css/flags/1x1/tg.svg]
[adminlte.io/themes/v3/plugins/flag-icon-css/flags/4x3/th.svg]
[adminlte.io/themes/v3/plugins/flag-icon-css/flags/1x1/th.svg]
[adminlte.io/themes/v3/plugins/flag-icon-css/flags/4x3/tj.svg]
[adminlte.io/themes/v3/plugins/flag-icon-css/flags/1x1/tj.svg]
[adminlte.io/themes/v3/plugins/flag-icon-css/flags/4x3/tk.svg]
[adminlte.io/themes/v3/plugins/flag-icon-css/flags/1x1/tk.svg]
[adminlte.io/themes/v3/plugins/flag-icon-css/flags/4x3/tl.svg]
[adminlte.io/themes/v3/plugins/flag-icon-css/flags/1x1/tl.svg]
[adminlte.io/themes/v3/plugins/flag-icon-css/flags/4x3/tm.svg]
[adminlte.io/themes/v3/plugins/flag-icon-css/flags/1x1/tm.svg]
[adminlte.io/themes/v3/plugins/flag-icon-css/flags/4x3/tn.svg]
[adminlte.io/themes/v3/plugins/flag-icon-css/flags/1x1/tn.svg]
[adminlte.io/themes/v3/plugins/flag-icon-css/flags/4x3/to.svg]
[adminlte.io/themes/v3/plugins/flag-icon-css/flags/1x1/to.svg]
[adminlte.io/themes/v3/plugins/flag-icon-css/flags/4x3/tr.svg]
[adminlte.io/themes/v3/plugins/flag-icon-css/flags/1x1/tr.svg]
[adminlte.io/themes/v3/plugins/flag-icon-css/flags/4x3/tt.svg]
[adminlte.io/themes/v3/plugins/flag-icon-css/flags/1x1/tt.svg]
[adminlte.io/themes/v3/plugins/flag-icon-css/flags/4x3/tv.svg]
[adminlte.io/themes/v3/plugins/flag-icon-css/flags/1x1/tv.svg]
[adminlte.io/themes/v3/plugins/flag-icon-css/flags/4x3/tw.svg]
[adminlte.io/themes/v3/plugins/flag-icon-css/flags/1x1/tw.svg]
[adminlte.io/themes/v3/plugins/flag-icon-css/flags/4x3/tz.svg]
[adminlte.io/themes/v3/plugins/flag-icon-css/flags/1x1/tz.svg]
[adminlte.io/themes/v3/plugins/flag-icon-css/flags/4x3/ua.svg]
[adminlte.io/themes/v3/plugins/flag-icon-css/flags/1x1/ua.svg]
[adminlte.io/themes/v3/plugins/flag-icon-css/flags/4x3/ug.svg]
[adminlte.io/themes/v3/plugins/flag-icon-css/flags/1x1/ug.svg]
[adminlte.io/themes/v3/plugins/flag-icon-css/flags/4x3/um.svg]
[adminlte.io/themes/v3/plugins/flag-icon-css/flags/1x1/um.svg]
[adminlte.io/themes/v3/plugins/flag-icon-css/flags/4x3/us.svg]
[adminlte.io/themes/v3/plugins/flag-icon-css/flags/1x1/us.svg]
[adminlte.io/themes/v3/plugins/flag-icon-css/flags/4x3/uy.svg]
[adminlte.io/themes/v3/plugins/flag-icon-css/flags/1x1/uy.svg]
[adminlte.io/themes/v3/plugins/flag-icon-css/flags/4x3/uz.svg]
[adminlte.io/themes/v3/plugins/flag-icon-css/flags/1x1/uz.svg]
[adminlte.io/themes/v3/plugins/flag-icon-css/flags/4x3/va.svg]
[adminlte.io/themes/v3/plugins/flag-icon-css/flags/1x1/va.svg]
[adminlte.io/themes/v3/plugins/flag-icon-css/flags/4x3/vc.svg]
[adminlte.io/themes/v3/plugins/flag-icon-css/flags/1x1/vc.svg]
[adminlte.io/themes/v3/plugins/flag-icon-css/flags/4x3/ve.svg]
[adminlte.io/themes/v3/plugins/flag-icon-css/flags/1x1/ve.svg]
[adminlte.io/themes/v3/plugins/flag-icon-css/flags/4x3/vg.svg]
[adminlte.io/themes/v3/plugins/flag-icon-css/flags/1x1/vg.svg]
[adminlte.io/themes/v3/plugins/flag-icon-css/flags/4x3/vi.svg]
[adminlte.io/themes/v3/plugins/flag-icon-css/flags/1x1/vi.svg]
[adminlte.io/themes/v3/plugins/flag-icon-css/flags/4x3/vn.svg]
[adminlte.io/themes/v3/plugins/flag-icon-css/flags/1x1/vn.svg]
[adminlte.io/themes/v3/plugins/flag-icon-css/flags/4x3/vu.svg]
[adminlte.io/themes/v3/plugins/flag-icon-css/flags/1x1/vu.svg]
[adminlte.io/themes/v3/plugins/flag-icon-css/flags/4x3/wf.svg]
[adminlte.io/themes/v3/plugins/flag-icon-css/flags/1x1/wf.svg]
[adminlte.io/themes/v3/plugins/flag-icon-css/flags/4x3/ws.svg]
[adminlte.io/themes/v3/plugins/flag-icon-css/flags/1x1/ws.svg]
[adminlte.io/themes/v3/plugins/flag-icon-css/flags/4x3/ye.svg]
[adminlte.io/themes/v3/plugins/flag-icon-css/flags/1x1/ye.svg]
[adminlte.io/themes/v3/plugins/flag-icon-css/flags/4x3/yt.svg]
[adminlte.io/themes/v3/plugins/flag-icon-css/flags/1x1/yt.svg]
[adminlte.io/themes/v3/plugins/flag-icon-css/flags/4x3/za.svg]
[adminlte.io/themes/v3/plugins/flag-icon-css/flags/1x1/za.svg]
[adminlte.io/themes/v3/plugins/flag-icon-css/flags/4x3/zm.svg]
[adminlte.io/themes/v3/plugins/flag-icon-css/flags/1x1/zm.svg]
[adminlte.io/themes/v3/plugins/flag-icon-css/flags/4x3/zw.svg]
[adminlte.io/themes/v3/plugins/flag-icon-css/flags/1x1/zw.svg]
[adminlte.io/themes/v3/plugins/flag-icon-css/flags/4x3/es-ca.svg]
[adminlte.io/themes/v3/plugins/flag-icon-css/flags/1x1/es-ca.svg]
[adminlte.io/themes/v3/plugins/flag-icon-css/flags/4x3/es-ga.svg]
[adminlte.io/themes/v3/plugins/flag-icon-css/flags/1x1/es-ga.svg]
[adminlte.io/themes/v3/plugins/flag-icon-css/flags/4x3/eu.svg]
[adminlte.io/themes/v3/plugins/flag-icon-css/flags/1x1/eu.svg]
[adminlte.io/themes/v3/plugins/flag-icon-css/flags/4x3/gb-eng.svg]
[adminlte.io/themes/v3/plugins/flag-icon-css/flags/1x1/gb-eng.svg]
[adminlte.io/themes/v3/plugins/flag-icon-css/flags/4x3/gb-nir.svg]
[adminlte.io/themes/v3/plugins/flag-icon-css/flags/1x1/gb-nir.svg]
[adminlte.io/themes/v3/plugins/flag-icon-css/flags/4x3/gb-sct.svg]
[adminlte.io/themes/v3/plugins/flag-icon-css/flags/1x1/gb-sct.svg]
[adminlte.io/themes/v3/plugins/flag-icon-css/flags/4x3/gb-wls.svg]
[adminlte.io/themes/v3/plugins/flag-icon-css/flags/1x1/gb-wls.svg]
[adminlte.io/themes/v3/plugins/flag-icon-css/flags/4x3/un.svg]
[adminlte.io/themes/v3/plugins/flag-icon-css/flags/1x1/un.svg]
[adminlte.io/themes/v3/plugins/flag-icon-css/flags/4x3/xk.svg]
[adminlte.io/themes/v3/plugins/flag-icon-css/flags/1x1/xk.svg]
[adminlte.io/themes/v3/plugins/flag-icon-css/flags/4x3/ru.svg]
[adminlte.io/themes/v3/plugins/flag-icon-css/flags/4x3/ru.svg]
